{"/Users/romanrheingans/Documents/Projects/Orchestra/server/src/agent.ts": {"path":"/Users/romanrheingans/Documents/Projects/Orchestra/server/src/agent.ts","all":false,"statementMap":{"0":{"start":{"line":1,"column":0},"end":{"line":1,"column":3}},"79":{"start":{"line":80,"column":0},"end":{"line":80,"column":36}},"80":{"start":{"line":81,"column":0},"end":{"line":81,"column":25}},"81":{"start":{"line":82,"column":0},"end":{"line":82,"column":22}},"82":{"start":{"line":83,"column":0},"end":{"line":83,"column":31}},"83":{"start":{"line":84,"column":0},"end":{"line":84,"column":28}},"84":{"start":{"line":85,"column":0},"end":{"line":85,"column":33}},"85":{"start":{"line":86,"column":0},"end":{"line":86,"column":5}},"86":{"start":{"line":87,"column":0},"end":{"line":87,"column":37}},"87":{"start":{"line":88,"column":0},"end":{"line":88,"column":3}},"89":{"start":{"line":90,"column":0},"end":{"line":90,"column":42}},"90":{"start":{"line":91,"column":0},"end":{"line":91,"column":23}},"91":{"start":{"line":92,"column":0},"end":{"line":92,"column":25}},"92":{"start":{"line":93,"column":0},"end":{"line":93,"column":31}},"93":{"start":{"line":94,"column":0},"end":{"line":94,"column":28}},"94":{"start":{"line":95,"column":0},"end":{"line":95,"column":32}},"95":{"start":{"line":96,"column":0},"end":{"line":96,"column":5}},"96":{"start":{"line":97,"column":0},"end":{"line":97,"column":25}},"97":{"start":{"line":98,"column":0},"end":{"line":98,"column":44}},"98":{"start":{"line":99,"column":0},"end":{"line":99,"column":39}},"99":{"start":{"line":100,"column":0},"end":{"line":100,"column":28}},"100":{"start":{"line":101,"column":0},"end":{"line":101,"column":3}},"102":{"start":{"line":103,"column":0},"end":{"line":103,"column":41}},"103":{"start":{"line":104,"column":0},"end":{"line":104,"column":30}},"104":{"start":{"line":105,"column":0},"end":{"line":105,"column":88}},"105":{"start":{"line":106,"column":0},"end":{"line":106,"column":5}},"106":{"start":{"line":107,"column":0},"end":{"line":107,"column":25}},"107":{"start":{"line":108,"column":0},"end":{"line":108,"column":3}},"109":{"start":{"line":110,"column":0},"end":{"line":110,"column":35}},"110":{"start":{"line":111,"column":0},"end":{"line":111,"column":69}},"111":{"start":{"line":112,"column":0},"end":{"line":112,"column":1}},"117":{"start":{"line":118,"column":0},"end":{"line":118,"column":91}},"118":{"start":{"line":119,"column":0},"end":{"line":119,"column":50}},"119":{"start":{"line":120,"column":0},"end":{"line":120,"column":26}},"120":{"start":{"line":121,"column":0},"end":{"line":121,"column":71}},"121":{"start":{"line":122,"column":0},"end":{"line":122,"column":72}},"122":{"start":{"line":123,"column":0},"end":{"line":123,"column":69}},"123":{"start":{"line":124,"column":0},"end":{"line":124,"column":36}},"124":{"start":{"line":125,"column":0},"end":{"line":125,"column":44}},"125":{"start":{"line":126,"column":0},"end":{"line":126,"column":3}},"126":{"start":{"line":127,"column":0},"end":{"line":127,"column":12}},"127":{"start":{"line":128,"column":0},"end":{"line":128,"column":1}},"129":{"start":{"line":130,"column":0},"end":{"line":130,"column":78}},"130":{"start":{"line":131,"column":0},"end":{"line":131,"column":44}},"131":{"start":{"line":132,"column":0},"end":{"line":132,"column":34}},"132":{"start":{"line":133,"column":0},"end":{"line":133,"column":41}},"133":{"start":{"line":134,"column":0},"end":{"line":134,"column":17}},"134":{"start":{"line":135,"column":0},"end":{"line":135,"column":41}},"136":{"start":{"line":137,"column":0},"end":{"line":137,"column":43}},"137":{"start":{"line":138,"column":0},"end":{"line":138,"column":40}},"138":{"start":{"line":139,"column":0},"end":{"line":139,"column":13}},"139":{"start":{"line":140,"column":0},"end":{"line":140,"column":4}},"141":{"start":{"line":142,"column":0},"end":{"line":142,"column":37}},"142":{"start":{"line":143,"column":0},"end":{"line":143,"column":28}},"143":{"start":{"line":144,"column":0},"end":{"line":144,"column":29}},"144":{"start":{"line":145,"column":0},"end":{"line":145,"column":16}},"145":{"start":{"line":146,"column":0},"end":{"line":146,"column":171}},"146":{"start":{"line":147,"column":0},"end":{"line":147,"column":37}},"147":{"start":{"line":148,"column":0},"end":{"line":148,"column":77}},"148":{"start":{"line":149,"column":0},"end":{"line":149,"column":18}},"149":{"start":{"line":150,"column":0},"end":{"line":150,"column":27}},"150":{"start":{"line":151,"column":0},"end":{"line":151,"column":27}},"151":{"start":{"line":152,"column":0},"end":{"line":152,"column":47}},"152":{"start":{"line":153,"column":0},"end":{"line":153,"column":55}},"153":{"start":{"line":154,"column":0},"end":{"line":154,"column":33}},"154":{"start":{"line":155,"column":0},"end":{"line":155,"column":8}},"155":{"start":{"line":156,"column":0},"end":{"line":156,"column":69}},"156":{"start":{"line":157,"column":0},"end":{"line":157,"column":6}},"157":{"start":{"line":158,"column":0},"end":{"line":158,"column":5}},"159":{"start":{"line":160,"column":0},"end":{"line":160,"column":36}},"160":{"start":{"line":161,"column":0},"end":{"line":161,"column":27}},"161":{"start":{"line":162,"column":0},"end":{"line":162,"column":28}},"162":{"start":{"line":163,"column":0},"end":{"line":163,"column":16}},"163":{"start":{"line":164,"column":0},"end":{"line":164,"column":157}},"164":{"start":{"line":165,"column":0},"end":{"line":165,"column":36}},"165":{"start":{"line":166,"column":0},"end":{"line":166,"column":76}},"166":{"start":{"line":167,"column":0},"end":{"line":167,"column":11}},"167":{"start":{"line":168,"column":0},"end":{"line":168,"column":92}},"168":{"start":{"line":169,"column":0},"end":{"line":169,"column":46}},"169":{"start":{"line":170,"column":0},"end":{"line":170,"column":60}},"170":{"start":{"line":171,"column":0},"end":{"line":171,"column":21}},"171":{"start":{"line":172,"column":0},"end":{"line":172,"column":62}},"172":{"start":{"line":173,"column":0},"end":{"line":173,"column":7}},"173":{"start":{"line":174,"column":0},"end":{"line":174,"column":6}},"174":{"start":{"line":175,"column":0},"end":{"line":175,"column":5}},"176":{"start":{"line":177,"column":0},"end":{"line":177,"column":53}},"177":{"start":{"line":178,"column":0},"end":{"line":178,"column":44}},"178":{"start":{"line":179,"column":0},"end":{"line":179,"column":25}},"179":{"start":{"line":180,"column":0},"end":{"line":180,"column":28}},"180":{"start":{"line":181,"column":0},"end":{"line":181,"column":20}},"181":{"start":{"line":182,"column":0},"end":{"line":182,"column":38}},"182":{"start":{"line":183,"column":0},"end":{"line":183,"column":23}},"183":{"start":{"line":184,"column":0},"end":{"line":184,"column":19}},"184":{"start":{"line":185,"column":0},"end":{"line":185,"column":28}},"185":{"start":{"line":186,"column":0},"end":{"line":186,"column":19}},"186":{"start":{"line":187,"column":0},"end":{"line":187,"column":25}},"187":{"start":{"line":188,"column":0},"end":{"line":188,"column":5}},"188":{"start":{"line":189,"column":0},"end":{"line":189,"column":24}},"190":{"start":{"line":191,"column":0},"end":{"line":191,"column":44}},"192":{"start":{"line":193,"column":0},"end":{"line":193,"column":48}},"193":{"start":{"line":194,"column":0},"end":{"line":194,"column":25}},"194":{"start":{"line":195,"column":0},"end":{"line":195,"column":10}},"195":{"start":{"line":196,"column":0},"end":{"line":196,"column":33}},"196":{"start":{"line":197,"column":0},"end":{"line":197,"column":20}},"197":{"start":{"line":198,"column":0},"end":{"line":198,"column":27}},"198":{"start":{"line":199,"column":0},"end":{"line":199,"column":46}},"199":{"start":{"line":200,"column":0},"end":{"line":200,"column":24}},"200":{"start":{"line":201,"column":0},"end":{"line":201,"column":49}},"201":{"start":{"line":202,"column":0},"end":{"line":202,"column":5}},"203":{"start":{"line":204,"column":0},"end":{"line":204,"column":49}},"204":{"start":{"line":205,"column":0},"end":{"line":205,"column":22}},"205":{"start":{"line":206,"column":0},"end":{"line":206,"column":30}},"206":{"start":{"line":207,"column":0},"end":{"line":207,"column":97}},"207":{"start":{"line":208,"column":0},"end":{"line":208,"column":86}},"208":{"start":{"line":209,"column":0},"end":{"line":209,"column":51}},"209":{"start":{"line":210,"column":0},"end":{"line":210,"column":14}},"210":{"start":{"line":211,"column":0},"end":{"line":211,"column":7}},"211":{"start":{"line":212,"column":0},"end":{"line":212,"column":34}},"212":{"start":{"line":213,"column":0},"end":{"line":213,"column":73}},"213":{"start":{"line":214,"column":0},"end":{"line":214,"column":14}},"214":{"start":{"line":215,"column":0},"end":{"line":215,"column":32}},"215":{"start":{"line":216,"column":0},"end":{"line":216,"column":84}},"216":{"start":{"line":217,"column":0},"end":{"line":217,"column":77}},"217":{"start":{"line":218,"column":0},"end":{"line":218,"column":14}},"218":{"start":{"line":219,"column":0},"end":{"line":219,"column":27}},"219":{"start":{"line":220,"column":0},"end":{"line":220,"column":92}},"220":{"start":{"line":221,"column":0},"end":{"line":221,"column":70}},"221":{"start":{"line":222,"column":0},"end":{"line":222,"column":14}},"222":{"start":{"line":223,"column":0},"end":{"line":223,"column":7}},"223":{"start":{"line":224,"column":0},"end":{"line":224,"column":14}},"224":{"start":{"line":225,"column":0},"end":{"line":225,"column":14}},"225":{"start":{"line":226,"column":0},"end":{"line":226,"column":5}},"226":{"start":{"line":227,"column":0},"end":{"line":227,"column":5}},"228":{"start":{"line":229,"column":0},"end":{"line":229,"column":7}},"229":{"start":{"line":230,"column":0},"end":{"line":230,"column":24}},"230":{"start":{"line":231,"column":0},"end":{"line":231,"column":90}},"231":{"start":{"line":232,"column":0},"end":{"line":232,"column":5}},"232":{"start":{"line":233,"column":0},"end":{"line":233,"column":49}},"233":{"start":{"line":234,"column":0},"end":{"line":234,"column":41}},"234":{"start":{"line":235,"column":0},"end":{"line":235,"column":13}},"235":{"start":{"line":236,"column":0},"end":{"line":236,"column":18}},"236":{"start":{"line":237,"column":0},"end":{"line":237,"column":3}},"238":{"start":{"line":239,"column":0},"end":{"line":239,"column":23}},"239":{"start":{"line":240,"column":0},"end":{"line":240,"column":18}},"241":{"start":{"line":242,"column":0},"end":{"line":242,"column":20}},"242":{"start":{"line":243,"column":0},"end":{"line":243,"column":100}},"243":{"start":{"line":244,"column":0},"end":{"line":244,"column":16}},"244":{"start":{"line":245,"column":0},"end":{"line":245,"column":28}},"245":{"start":{"line":246,"column":0},"end":{"line":246,"column":82}},"246":{"start":{"line":247,"column":0},"end":{"line":247,"column":25}},"247":{"start":{"line":248,"column":0},"end":{"line":248,"column":19}},"248":{"start":{"line":249,"column":0},"end":{"line":249,"column":51}},"249":{"start":{"line":250,"column":0},"end":{"line":250,"column":6}},"250":{"start":{"line":251,"column":0},"end":{"line":251,"column":3}},"252":{"start":{"line":253,"column":0},"end":{"line":253,"column":20}},"254":{"start":{"line":255,"column":0},"end":{"line":255,"column":10}},"255":{"start":{"line":256,"column":0},"end":{"line":256,"column":23}},"256":{"start":{"line":257,"column":0},"end":{"line":257,"column":14}},"257":{"start":{"line":258,"column":0},"end":{"line":258,"column":43}},"258":{"start":{"line":259,"column":0},"end":{"line":259,"column":11}},"259":{"start":{"line":260,"column":0},"end":{"line":260,"column":26}},"260":{"start":{"line":261,"column":0},"end":{"line":261,"column":13}},"261":{"start":{"line":262,"column":0},"end":{"line":262,"column":4}},"262":{"start":{"line":263,"column":0},"end":{"line":263,"column":1}}},"s":{"0":1,"79":1,"80":1,"81":1,"82":1,"83":1,"84":1,"85":1,"86":1,"87":1,"89":1,"90":1,"91":1,"92":1,"93":1,"94":1,"95":1,"96":1,"97":1,"98":1,"99":1,"100":1,"102":1,"103":1,"104":1,"105":1,"106":1,"107":1,"109":0,"110":0,"111":0,"117":0,"118":0,"119":0,"120":0,"121":0,"122":0,"123":0,"124":0,"125":0,"126":0,"127":0,"129":0,"130":0,"131":0,"132":0,"133":0,"134":0,"136":0,"137":0,"138":0,"139":0,"141":0,"142":0,"143":0,"144":0,"145":0,"146":0,"147":0,"148":0,"149":0,"150":0,"151":0,"152":0,"153":0,"154":0,"155":0,"156":0,"157":0,"159":0,"160":0,"161":0,"162":0,"163":0,"164":0,"165":0,"166":0,"167":0,"168":0,"169":0,"170":0,"171":0,"172":0,"173":0,"174":0,"176":0,"177":0,"178":0,"179":0,"180":0,"181":0,"182":0,"183":0,"184":0,"185":0,"186":0,"187":0,"188":0,"190":0,"192":0,"193":0,"194":0,"195":0,"196":0,"197":0,"198":0,"199":0,"200":0,"201":0,"203":0,"204":0,"205":0,"206":0,"207":0,"208":0,"209":0,"210":0,"211":0,"212":0,"213":0,"214":0,"215":0,"216":0,"217":0,"218":0,"219":0,"220":0,"221":0,"222":0,"223":0,"224":0,"225":0,"226":0,"228":0,"229":0,"230":0,"231":0,"232":0,"233":0,"234":0,"235":0,"236":0,"238":0,"239":0,"241":0,"242":0,"243":0,"244":0,"245":0,"246":0,"247":0,"248":0,"249":0,"250":0,"252":0,"254":0,"255":0,"256":0,"257":0,"258":0,"259":0,"260":0,"261":0,"262":0},"branchMap":{},"b":{},"fnMap":{"0":{"name":"textResult","decl":{"start":{"line":110,"column":0},"end":{"line":112,"column":1}},"loc":{"start":{"line":110,"column":0},"end":{"line":112,"column":1}},"line":110},"1":{"name":"lastAssistantText","decl":{"start":{"line":118,"column":0},"end":{"line":128,"column":1}},"loc":{"start":{"line":118,"column":0},"end":{"line":128,"column":1}},"line":118},"2":{"name":"runRole","decl":{"start":{"line":130,"column":0},"end":{"line":263,"column":1}},"loc":{"start":{"line":130,"column":0},"end":{"line":263,"column":1}},"line":130}},"f":{"0":0,"1":0,"2":0}}
,"/Users/romanrheingans/Documents/Projects/Orchestra/server/src/bus.ts": {"path":"/Users/romanrheingans/Documents/Projects/Orchestra/server/src/bus.ts","all":false,"statementMap":{"25":{"start":{"line":26,"column":0},"end":{"line":26,"column":51}},"27":{"start":{"line":28,"column":0},"end":{"line":28,"column":69}},"28":{"start":{"line":29,"column":0},"end":{"line":29,"column":34}},"29":{"start":{"line":30,"column":0},"end":{"line":30,"column":13}},"30":{"start":{"line":31,"column":0},"end":{"line":31,"column":20}},"31":{"start":{"line":32,"column":0},"end":{"line":32,"column":31}},"32":{"start":{"line":33,"column":0},"end":{"line":33,"column":3}},"33":{"start":{"line":34,"column":0},"end":{"line":34,"column":14}},"34":{"start":{"line":35,"column":0},"end":{"line":35,"column":16}},"35":{"start":{"line":36,"column":0},"end":{"line":36,"column":20}},"36":{"start":{"line":37,"column":0},"end":{"line":37,"column":56}},"37":{"start":{"line":38,"column":0},"end":{"line":38,"column":4}},"38":{"start":{"line":39,"column":0},"end":{"line":39,"column":1}},"40":{"start":{"line":41,"column":0},"end":{"line":41,"column":88}},"41":{"start":{"line":42,"column":0},"end":{"line":42,"column":36}},"42":{"start":{"line":43,"column":0},"end":{"line":43,"column":37}},"43":{"start":{"line":44,"column":0},"end":{"line":44,"column":63}},"44":{"start":{"line":45,"column":0},"end":{"line":45,"column":25}},"45":{"start":{"line":46,"column":0},"end":{"line":46,"column":9}},"46":{"start":{"line":47,"column":0},"end":{"line":47,"column":13}},"47":{"start":{"line":48,"column":0},"end":{"line":48,"column":13}},"49":{"start":{"line":50,"column":0},"end":{"line":50,"column":5}},"50":{"start":{"line":51,"column":0},"end":{"line":51,"column":3}},"51":{"start":{"line":52,"column":0},"end":{"line":52,"column":1}},"53":{"start":{"line":54,"column":0},"end":{"line":54,"column":55}},"54":{"start":{"line":55,"column":0},"end":{"line":55,"column":42}},"55":{"start":{"line":56,"column":0},"end":{"line":56,"column":1}}},"s":{"25":1,"27":1,"28":0,"29":0,"30":0,"31":0,"32":0,"33":0,"34":0,"35":0,"36":0,"37":0,"38":0,"40":1,"41":33,"42":33,"43":0,"44":0,"45":0,"46":0,"47":0,"49":0,"50":0,"51":0,"53":1,"54":0,"55":0},"branchMap":{"0":{"type":"branch","line":41,"loc":{"start":{"line":41,"column":7},"end":{"line":52,"column":1}},"locations":[{"start":{"line":41,"column":7},"end":{"line":52,"column":1}}]},"1":{"type":"branch","line":43,"loc":{"start":{"line":43,"column":7},"end":{"line":43,"column":30}},"locations":[{"start":{"line":43,"column":7},"end":{"line":43,"column":30}}]},"2":{"type":"branch","line":43,"loc":{"start":{"line":43,"column":30},"end":{"line":52,"column":1}},"locations":[{"start":{"line":43,"column":30},"end":{"line":52,"column":1}}]}},"b":{"0":[33],"1":[0],"2":[0]},"fnMap":{"0":{"name":"subscribe","decl":{"start":{"line":28,"column":7},"end":{"line":39,"column":1}},"loc":{"start":{"line":28,"column":7},"end":{"line":39,"column":1}},"line":28},"1":{"name":"publish","decl":{"start":{"line":41,"column":7},"end":{"line":52,"column":1}},"loc":{"start":{"line":41,"column":7},"end":{"line":52,"column":1}},"line":41},"2":{"name":"listenerCount","decl":{"start":{"line":54,"column":7},"end":{"line":56,"column":1}},"loc":{"start":{"line":54,"column":7},"end":{"line":56,"column":1}},"line":54}},"f":{"0":0,"1":33,"2":0}}
,"/Users/romanrheingans/Documents/Projects/Orchestra/server/src/config.ts": {"path":"/Users/romanrheingans/Documents/Projects/Orchestra/server/src/config.ts","all":false,"statementMap":{"0":{"start":{"line":1,"column":0},"end":{"line":1,"column":3}},"44":{"start":{"line":45,"column":0},"end":{"line":45,"column":84}},"45":{"start":{"line":46,"column":0},"end":{"line":46,"column":49}},"47":{"start":{"line":48,"column":0},"end":{"line":48,"column":26}},"48":{"start":{"line":49,"column":0},"end":{"line":49,"column":18}},"49":{"start":{"line":50,"column":0},"end":{"line":50,"column":13}},"50":{"start":{"line":51,"column":0},"end":{"line":51,"column":48}},"51":{"start":{"line":52,"column":0},"end":{"line":52,"column":13}},"52":{"start":{"line":53,"column":0},"end":{"line":53,"column":39}},"53":{"start":{"line":54,"column":0},"end":{"line":54,"column":25}},"54":{"start":{"line":55,"column":0},"end":{"line":55,"column":19}},"55":{"start":{"line":56,"column":0},"end":{"line":56,"column":28}},"56":{"start":{"line":57,"column":0},"end":{"line":57,"column":47}},"57":{"start":{"line":58,"column":0},"end":{"line":58,"column":25}},"58":{"start":{"line":59,"column":0},"end":{"line":59,"column":21}},"59":{"start":{"line":60,"column":0},"end":{"line":60,"column":45}},"60":{"start":{"line":61,"column":0},"end":{"line":61,"column":2}},"62":{"start":{"line":63,"column":0},"end":{"line":63,"column":44}},"63":{"start":{"line":64,"column":0},"end":{"line":64,"column":51}},"64":{"start":{"line":65,"column":0},"end":{"line":65,"column":38}},"65":{"start":{"line":66,"column":0},"end":{"line":66,"column":7}},"66":{"start":{"line":67,"column":0},"end":{"line":67,"column":72}},"67":{"start":{"line":68,"column":0},"end":{"line":68,"column":17}},"68":{"start":{"line":69,"column":0},"end":{"line":69,"column":85}},"69":{"start":{"line":70,"column":0},"end":{"line":70,"column":14}},"70":{"start":{"line":71,"column":0},"end":{"line":71,"column":3}},"71":{"start":{"line":72,"column":0},"end":{"line":72,"column":1}},"73":{"start":{"line":74,"column":0},"end":{"line":74,"column":37}},"74":{"start":{"line":75,"column":0},"end":{"line":75,"column":24}},"75":{"start":{"line":76,"column":0},"end":{"line":76,"column":34}},"76":{"start":{"line":77,"column":0},"end":{"line":77,"column":52}},"77":{"start":{"line":78,"column":0},"end":{"line":78,"column":60}},"78":{"start":{"line":79,"column":0},"end":{"line":79,"column":71}},"79":{"start":{"line":80,"column":0},"end":{"line":80,"column":60}},"80":{"start":{"line":81,"column":0},"end":{"line":81,"column":64}},"81":{"start":{"line":82,"column":0},"end":{"line":82,"column":60}},"82":{"start":{"line":83,"column":0},"end":{"line":83,"column":100}},"83":{"start":{"line":84,"column":0},"end":{"line":84,"column":97}},"84":{"start":{"line":85,"column":0},"end":{"line":85,"column":13}},"85":{"start":{"line":86,"column":0},"end":{"line":86,"column":1}},"87":{"start":{"line":88,"column":0},"end":{"line":88,"column":31}},"90":{"start":{"line":91,"column":0},"end":{"line":91,"column":37}},"91":{"start":{"line":92,"column":0},"end":{"line":92,"column":28}},"92":{"start":{"line":93,"column":0},"end":{"line":93,"column":62}},"93":{"start":{"line":94,"column":0},"end":{"line":94,"column":16}},"94":{"start":{"line":95,"column":0},"end":{"line":95,"column":1}},"97":{"start":{"line":98,"column":0},"end":{"line":98,"column":37}},"98":{"start":{"line":99,"column":0},"end":{"line":99,"column":21}},"99":{"start":{"line":100,"column":0},"end":{"line":100,"column":1}}},"s":{"0":1,"44":1,"45":1,"47":1,"48":1,"49":1,"50":1,"51":1,"52":1,"53":1,"54":1,"55":1,"56":1,"57":1,"58":1,"59":1,"60":1,"62":13,"63":13,"64":13,"65":13,"66":13,"67":13,"68":0,"69":0,"70":0,"71":13,"73":13,"74":13,"75":13,"76":13,"77":13,"78":13,"79":13,"80":13,"81":13,"82":13,"83":13,"84":13,"85":13,"87":1,"90":1,"91":22,"92":13,"93":13,"94":13,"97":1,"98":13,"99":13},"branchMap":{"0":{"type":"branch","line":63,"loc":{"start":{"line":63,"column":0},"end":{"line":72,"column":1}},"locations":[{"start":{"line":63,"column":0},"end":{"line":72,"column":1}}]},"1":{"type":"branch","line":65,"loc":{"start":{"line":65,"column":28},"end":{"line":65,"column":38}},"locations":[{"start":{"line":65,"column":28},"end":{"line":65,"column":38}}]},"2":{"type":"branch","line":68,"loc":{"start":{"line":68,"column":2},"end":{"line":71,"column":3}},"locations":[{"start":{"line":68,"column":2},"end":{"line":71,"column":3}}]},"3":{"type":"branch","line":74,"loc":{"start":{"line":74,"column":0},"end":{"line":86,"column":1}},"locations":[{"start":{"line":74,"column":0},"end":{"line":86,"column":1}}]},"4":{"type":"branch","line":77,"loc":{"start":{"line":77,"column":24},"end":{"line":77,"column":52}},"locations":[{"start":{"line":77,"column":24},"end":{"line":77,"column":52}}]},"5":{"type":"branch","line":78,"loc":{"start":{"line":78,"column":24},"end":{"line":78,"column":60}},"locations":[{"start":{"line":78,"column":24},"end":{"line":78,"column":60}}]},"6":{"type":"branch","line":79,"loc":{"start":{"line":79,"column":28},"end":{"line":79,"column":71}},"locations":[{"start":{"line":79,"column":28},"end":{"line":79,"column":71}}]},"7":{"type":"branch","line":80,"loc":{"start":{"line":80,"column":27},"end":{"line":80,"column":60}},"locations":[{"start":{"line":80,"column":27},"end":{"line":80,"column":60}}]},"8":{"type":"branch","line":81,"loc":{"start":{"line":81,"column":25},"end":{"line":81,"column":64}},"locations":[{"start":{"line":81,"column":25},"end":{"line":81,"column":64}}]},"9":{"type":"branch","line":83,"loc":{"start":{"line":83,"column":38},"end":{"line":83,"column":100}},"locations":[{"start":{"line":83,"column":38},"end":{"line":83,"column":100}}]},"10":{"type":"branch","line":84,"loc":{"start":{"line":84,"column":37},"end":{"line":84,"column":97}},"locations":[{"start":{"line":84,"column":37},"end":{"line":84,"column":97}}]},"11":{"type":"branch","line":91,"loc":{"start":{"line":91,"column":7},"end":{"line":95,"column":1}},"locations":[{"start":{"line":91,"column":7},"end":{"line":95,"column":1}}]},"12":{"type":"branch","line":92,"loc":{"start":{"line":92,"column":14},"end":{"line":92,"column":28}},"locations":[{"start":{"line":92,"column":14},"end":{"line":92,"column":28}}]},"13":{"type":"branch","line":92,"loc":{"start":{"line":92,"column":21},"end":{"line":95,"column":1}},"locations":[{"start":{"line":92,"column":21},"end":{"line":95,"column":1}}]},"14":{"type":"branch","line":98,"loc":{"start":{"line":98,"column":7},"end":{"line":100,"column":1}},"locations":[{"start":{"line":98,"column":7},"end":{"line":100,"column":1}}]}},"b":{"0":[13],"1":[0],"2":[0],"3":[13],"4":[0],"5":[0],"6":[0],"7":[0],"8":[0],"9":[0],"10":[0],"11":[22],"12":[9],"13":[13],"14":[13]},"fnMap":{"0":{"name":"readConfigFile","decl":{"start":{"line":63,"column":0},"end":{"line":72,"column":1}},"loc":{"start":{"line":63,"column":0},"end":{"line":72,"column":1}},"line":63},"1":{"name":"readEnv","decl":{"start":{"line":74,"column":0},"end":{"line":86,"column":1}},"loc":{"start":{"line":74,"column":0},"end":{"line":86,"column":1}},"line":74},"2":{"name":"getConfig","decl":{"start":{"line":91,"column":7},"end":{"line":95,"column":1}},"loc":{"start":{"line":91,"column":7},"end":{"line":95,"column":1}},"line":91},"3":{"name":"resetConfig","decl":{"start":{"line":98,"column":7},"end":{"line":100,"column":1}},"loc":{"start":{"line":98,"column":7},"end":{"line":100,"column":1}},"line":98}},"f":{"0":13,"1":13,"2":22,"3":13}}
,"/Users/romanrheingans/Documents/Projects/Orchestra/server/src/db.ts": {"path":"/Users/romanrheingans/Documents/Projects/Orchestra/server/src/db.ts","all":false,"statementMap":{"0":{"start":{"line":1,"column":0},"end":{"line":1,"column":3}},"17":{"start":{"line":18,"column":0},"end":{"line":18,"column":23}},"20":{"start":{"line":21,"column":0},"end":{"line":21,"column":29}},"21":{"start":{"line":22,"column":0},"end":{"line":22,"column":20}},"22":{"start":{"line":23,"column":0},"end":{"line":23,"column":26}},"23":{"start":{"line":24,"column":0},"end":{"line":24,"column":32}},"24":{"start":{"line":25,"column":0},"end":{"line":25,"column":34}},"25":{"start":{"line":26,"column":0},"end":{"line":26,"column":35}},"26":{"start":{"line":27,"column":0},"end":{"line":27,"column":33}},"27":{"start":{"line":28,"column":0},"end":{"line":28,"column":12}},"28":{"start":{"line":29,"column":0},"end":{"line":29,"column":1}},"31":{"start":{"line":32,"column":0},"end":{"line":32,"column":33}},"32":{"start":{"line":33,"column":0},"end":{"line":33,"column":11}},"33":{"start":{"line":34,"column":0},"end":{"line":34,"column":15}},"34":{"start":{"line":35,"column":0},"end":{"line":35,"column":19}},"35":{"start":{"line":36,"column":0},"end":{"line":36,"column":3}},"36":{"start":{"line":37,"column":0},"end":{"line":37,"column":1}},"38":{"start":{"line":39,"column":0},"end":{"line":39,"column":24}},"39":{"start":{"line":40,"column":0},"end":{"line":40,"column":65}},"40":{"start":{"line":41,"column":0},"end":{"line":41,"column":1}},"42":{"start":{"line":43,"column":0},"end":{"line":43,"column":38}},"43":{"start":{"line":44,"column":0},"end":{"line":44,"column":64}},"44":{"start":{"line":45,"column":0},"end":{"line":45,"column":1}},"51":{"start":{"line":52,"column":0},"end":{"line":52,"column":86}},"52":{"start":{"line":53,"column":0},"end":{"line":53,"column":89}},"53":{"start":{"line":54,"column":0},"end":{"line":54,"column":45}},"54":{"start":{"line":55,"column":0},"end":{"line":55,"column":53}},"55":{"start":{"line":56,"column":0},"end":{"line":56,"column":3}},"56":{"start":{"line":57,"column":0},"end":{"line":57,"column":1}},"58":{"start":{"line":59,"column":0},"end":{"line":59,"column":32}},"59":{"start":{"line":60,"column":0},"end":{"line":60,"column":20}},"61":{"start":{"line":62,"column":0},"end":{"line":62,"column":10}},"133":{"start":{"line":134,"column":0},"end":{"line":134,"column":5}},"137":{"start":{"line":138,"column":0},"end":{"line":138,"column":45}},"138":{"start":{"line":139,"column":0},"end":{"line":139,"column":41}},"139":{"start":{"line":140,"column":0},"end":{"line":140,"column":28}},"140":{"start":{"line":141,"column":0},"end":{"line":141,"column":28}},"141":{"start":{"line":142,"column":0},"end":{"line":142,"column":40}},"142":{"start":{"line":143,"column":0},"end":{"line":143,"column":36}},"143":{"start":{"line":144,"column":0},"end":{"line":144,"column":58}},"144":{"start":{"line":145,"column":0},"end":{"line":145,"column":44}},"145":{"start":{"line":146,"column":0},"end":{"line":146,"column":44}},"146":{"start":{"line":147,"column":0},"end":{"line":147,"column":38}},"147":{"start":{"line":148,"column":0},"end":{"line":148,"column":44}},"148":{"start":{"line":149,"column":0},"end":{"line":149,"column":43}},"149":{"start":{"line":150,"column":0},"end":{"line":150,"column":4}},"150":{"start":{"line":151,"column":0},"end":{"line":151,"column":78}},"152":{"start":{"line":153,"column":0},"end":{"line":153,"column":10}},"158":{"start":{"line":159,"column":0},"end":{"line":159,"column":5}},"159":{"start":{"line":160,"column":0},"end":{"line":160,"column":1}},"252":{"start":{"line":253,"column":0},"end":{"line":253,"column":38}},"259":{"start":{"line":260,"column":0},"end":{"line":260,"column":16}},"260":{"start":{"line":261,"column":0},"end":{"line":261,"column":20}},"261":{"start":{"line":262,"column":0},"end":{"line":262,"column":19}},"262":{"start":{"line":263,"column":0},"end":{"line":263,"column":16}},"263":{"start":{"line":264,"column":0},"end":{"line":264,"column":13}},"264":{"start":{"line":265,"column":0},"end":{"line":265,"column":129}},"266":{"start":{"line":267,"column":0},"end":{"line":267,"column":5}},"267":{"start":{"line":268,"column":0},"end":{"line":268,"column":10}},"268":{"start":{"line":269,"column":0},"end":{"line":269,"column":23}},"269":{"start":{"line":270,"column":0},"end":{"line":270,"column":33}},"270":{"start":{"line":271,"column":0},"end":{"line":271,"column":53}},"271":{"start":{"line":272,"column":0},"end":{"line":272,"column":49}},"272":{"start":{"line":273,"column":0},"end":{"line":273,"column":55}},"273":{"start":{"line":274,"column":0},"end":{"line":274,"column":45}},"274":{"start":{"line":275,"column":0},"end":{"line":275,"column":9}},"275":{"start":{"line":276,"column":0},"end":{"line":276,"column":7}},"276":{"start":{"line":277,"column":0},"end":{"line":277,"column":51}},"277":{"start":{"line":278,"column":0},"end":{"line":278,"column":1}},"279":{"start":{"line":280,"column":0},"end":{"line":280,"column":46}},"280":{"start":{"line":281,"column":0},"end":{"line":281,"column":90}},"281":{"start":{"line":282,"column":0},"end":{"line":282,"column":1}},"283":{"start":{"line":284,"column":0},"end":{"line":284,"column":64}},"284":{"start":{"line":285,"column":0},"end":{"line":285,"column":98}},"285":{"start":{"line":286,"column":0},"end":{"line":286,"column":1}},"287":{"start":{"line":288,"column":0},"end":{"line":288,"column":35}},"288":{"start":{"line":289,"column":0},"end":{"line":289,"column":9}},"289":{"start":{"line":290,"column":0},"end":{"line":290,"column":14}},"290":{"start":{"line":291,"column":0},"end":{"line":291,"column":17}},"291":{"start":{"line":292,"column":0},"end":{"line":292,"column":18}},"292":{"start":{"line":293,"column":0},"end":{"line":293,"column":21}},"293":{"start":{"line":294,"column":0},"end":{"line":294,"column":16}},"294":{"start":{"line":295,"column":0},"end":{"line":295,"column":3}},"296":{"start":{"line":297,"column":0},"end":{"line":297,"column":100}},"297":{"start":{"line":298,"column":0},"end":{"line":298,"column":83}},"298":{"start":{"line":299,"column":0},"end":{"line":299,"column":23}},"299":{"start":{"line":300,"column":0},"end":{"line":300,"column":40}},"300":{"start":{"line":301,"column":0},"end":{"line":301,"column":66}},"301":{"start":{"line":302,"column":0},"end":{"line":302,"column":11}},"302":{"start":{"line":303,"column":0},"end":{"line":303,"column":63}},"303":{"start":{"line":304,"column":0},"end":{"line":304,"column":54}},"304":{"start":{"line":305,"column":0},"end":{"line":305,"column":3}},"305":{"start":{"line":306,"column":0},"end":{"line":306,"column":24}},"306":{"start":{"line":307,"column":0},"end":{"line":307,"column":1}},"308":{"start":{"line":309,"column":0},"end":{"line":309,"column":49}},"309":{"start":{"line":310,"column":0},"end":{"line":310,"column":63}},"310":{"start":{"line":311,"column":0},"end":{"line":311,"column":1}},"320":{"start":{"line":321,"column":0},"end":{"line":321,"column":64}},"321":{"start":{"line":322,"column":0},"end":{"line":322,"column":20}},"322":{"start":{"line":323,"column":0},"end":{"line":323,"column":19}},"323":{"start":{"line":324,"column":0},"end":{"line":324,"column":60}},"324":{"start":{"line":325,"column":0},"end":{"line":325,"column":24}},"325":{"start":{"line":326,"column":0},"end":{"line":326,"column":19}},"326":{"start":{"line":327,"column":0},"end":{"line":327,"column":21}},"327":{"start":{"line":328,"column":0},"end":{"line":328,"column":10}},"328":{"start":{"line":329,"column":0},"end":{"line":329,"column":92}},"330":{"start":{"line":331,"column":0},"end":{"line":331,"column":43}},"331":{"start":{"line":332,"column":0},"end":{"line":332,"column":47}},"332":{"start":{"line":333,"column":0},"end":{"line":333,"column":72}},"333":{"start":{"line":334,"column":0},"end":{"line":334,"column":99}},"334":{"start":{"line":335,"column":0},"end":{"line":335,"column":1}},"336":{"start":{"line":337,"column":0},"end":{"line":337,"column":85}},"337":{"start":{"line":338,"column":0},"end":{"line":338,"column":57}},"338":{"start":{"line":339,"column":0},"end":{"line":339,"column":1}},"341":{"start":{"line":342,"column":0},"end":{"line":342,"column":35}},"351":{"start":{"line":352,"column":0},"end":{"line":352,"column":13}},"352":{"start":{"line":353,"column":0},"end":{"line":353,"column":20}},"353":{"start":{"line":354,"column":0},"end":{"line":354,"column":19}},"354":{"start":{"line":355,"column":0},"end":{"line":355,"column":20}},"355":{"start":{"line":356,"column":0},"end":{"line":356,"column":13}},"356":{"start":{"line":357,"column":0},"end":{"line":357,"column":116}},"357":{"start":{"line":358,"column":0},"end":{"line":358,"column":5}},"358":{"start":{"line":359,"column":0},"end":{"line":359,"column":88}},"362":{"start":{"line":363,"column":0},"end":{"line":363,"column":17}},"363":{"start":{"line":364,"column":0},"end":{"line":364,"column":14}},"364":{"start":{"line":365,"column":0},"end":{"line":365,"column":99}},"366":{"start":{"line":367,"column":0},"end":{"line":367,"column":11}},"367":{"start":{"line":368,"column":0},"end":{"line":368,"column":22}},"368":{"start":{"line":369,"column":0},"end":{"line":369,"column":43}},"369":{"start":{"line":370,"column":0},"end":{"line":370,"column":80}},"370":{"start":{"line":371,"column":0},"end":{"line":371,"column":58}},"371":{"start":{"line":372,"column":0},"end":{"line":372,"column":52}},"372":{"start":{"line":373,"column":0},"end":{"line":373,"column":67}},"373":{"start":{"line":374,"column":0},"end":{"line":374,"column":58}},"374":{"start":{"line":375,"column":0},"end":{"line":375,"column":43}},"375":{"start":{"line":376,"column":0},"end":{"line":376,"column":9}},"376":{"start":{"line":377,"column":0},"end":{"line":377,"column":7}},"377":{"start":{"line":378,"column":0},"end":{"line":378,"column":85}},"378":{"start":{"line":379,"column":0},"end":{"line":379,"column":3}},"380":{"start":{"line":381,"column":0},"end":{"line":381,"column":16}},"381":{"start":{"line":382,"column":0},"end":{"line":382,"column":13}},"382":{"start":{"line":383,"column":0},"end":{"line":383,"column":138}},"384":{"start":{"line":385,"column":0},"end":{"line":385,"column":5}},"385":{"start":{"line":386,"column":0},"end":{"line":386,"column":10}},"386":{"start":{"line":387,"column":0},"end":{"line":387,"column":35}},"387":{"start":{"line":388,"column":0},"end":{"line":388,"column":21}},"388":{"start":{"line":389,"column":0},"end":{"line":389,"column":33}},"389":{"start":{"line":390,"column":0},"end":{"line":390,"column":47}},"390":{"start":{"line":391,"column":0},"end":{"line":391,"column":43}},"391":{"start":{"line":392,"column":0},"end":{"line":392,"column":36}},"392":{"start":{"line":393,"column":0},"end":{"line":393,"column":49}},"393":{"start":{"line":394,"column":0},"end":{"line":394,"column":43}},"394":{"start":{"line":395,"column":0},"end":{"line":395,"column":33}},"395":{"start":{"line":396,"column":0},"end":{"line":396,"column":9}},"396":{"start":{"line":397,"column":0},"end":{"line":397,"column":7}},"397":{"start":{"line":398,"column":0},"end":{"line":398,"column":100}},"398":{"start":{"line":399,"column":0},"end":{"line":399,"column":1}},"400":{"start":{"line":401,"column":0},"end":{"line":401,"column":46}},"401":{"start":{"line":402,"column":0},"end":{"line":402,"column":60}},"402":{"start":{"line":403,"column":0},"end":{"line":403,"column":1}},"404":{"start":{"line":405,"column":0},"end":{"line":405,"column":44}},"405":{"start":{"line":406,"column":0},"end":{"line":406,"column":100}},"408":{"start":{"line":409,"column":0},"end":{"line":409,"column":15}},"409":{"start":{"line":410,"column":0},"end":{"line":410,"column":1}},"415":{"start":{"line":416,"column":0},"end":{"line":416,"column":35}},"430":{"start":{"line":431,"column":0},"end":{"line":431,"column":13}},"431":{"start":{"line":432,"column":0},"end":{"line":432,"column":20}},"432":{"start":{"line":433,"column":0},"end":{"line":433,"column":19}},"433":{"start":{"line":434,"column":0},"end":{"line":434,"column":59}},"434":{"start":{"line":435,"column":0},"end":{"line":435,"column":16}},"435":{"start":{"line":436,"column":0},"end":{"line":436,"column":13}},"436":{"start":{"line":437,"column":0},"end":{"line":437,"column":103}},"440":{"start":{"line":441,"column":0},"end":{"line":441,"column":5}},"441":{"start":{"line":442,"column":0},"end":{"line":442,"column":10}},"442":{"start":{"line":443,"column":0},"end":{"line":443,"column":22}},"443":{"start":{"line":444,"column":0},"end":{"line":444,"column":23}},"444":{"start":{"line":445,"column":0},"end":{"line":445,"column":40}},"445":{"start":{"line":446,"column":0},"end":{"line":446,"column":33}},"446":{"start":{"line":447,"column":0},"end":{"line":447,"column":37}},"447":{"start":{"line":448,"column":0},"end":{"line":448,"column":43}},"448":{"start":{"line":449,"column":0},"end":{"line":449,"column":37}},"449":{"start":{"line":450,"column":0},"end":{"line":450,"column":35}},"450":{"start":{"line":451,"column":0},"end":{"line":451,"column":49}},"451":{"start":{"line":452,"column":0},"end":{"line":452,"column":41}},"452":{"start":{"line":453,"column":0},"end":{"line":453,"column":51}},"453":{"start":{"line":454,"column":0},"end":{"line":454,"column":43}},"454":{"start":{"line":455,"column":0},"end":{"line":455,"column":45}},"455":{"start":{"line":456,"column":0},"end":{"line":456,"column":49}},"456":{"start":{"line":457,"column":0},"end":{"line":457,"column":63}},"457":{"start":{"line":458,"column":0},"end":{"line":458,"column":9}},"458":{"start":{"line":459,"column":0},"end":{"line":459,"column":7}},"459":{"start":{"line":460,"column":0},"end":{"line":460,"column":48}},"460":{"start":{"line":461,"column":0},"end":{"line":461,"column":1}},"463":{"start":{"line":464,"column":0},"end":{"line":464,"column":75}},"464":{"start":{"line":465,"column":0},"end":{"line":465,"column":20}},"465":{"start":{"line":466,"column":0},"end":{"line":466,"column":67}},"466":{"start":{"line":467,"column":0},"end":{"line":467,"column":88}},"469":{"start":{"line":470,"column":0},"end":{"line":470,"column":24}},"470":{"start":{"line":471,"column":0},"end":{"line":471,"column":3}},"471":{"start":{"line":472,"column":0},"end":{"line":472,"column":86}},"474":{"start":{"line":475,"column":0},"end":{"line":475,"column":1}},"476":{"start":{"line":477,"column":0},"end":{"line":477,"column":112}},"477":{"start":{"line":478,"column":0},"end":{"line":478,"column":20}},"478":{"start":{"line":479,"column":0},"end":{"line":479,"column":29}},"479":{"start":{"line":480,"column":0},"end":{"line":480,"column":31}},"480":{"start":{"line":481,"column":0},"end":{"line":481,"column":31}},"481":{"start":{"line":482,"column":0},"end":{"line":482,"column":33}},"482":{"start":{"line":483,"column":0},"end":{"line":483,"column":32}},"483":{"start":{"line":484,"column":0},"end":{"line":484,"column":3}},"484":{"start":{"line":485,"column":0},"end":{"line":485,"column":19}},"485":{"start":{"line":486,"column":0},"end":{"line":486,"column":28}},"486":{"start":{"line":487,"column":0},"end":{"line":487,"column":28}},"487":{"start":{"line":488,"column":0},"end":{"line":488,"column":3}},"488":{"start":{"line":489,"column":0},"end":{"line":489,"column":26}},"489":{"start":{"line":490,"column":0},"end":{"line":490,"column":37}},"490":{"start":{"line":491,"column":0},"end":{"line":491,"column":35}},"491":{"start":{"line":492,"column":0},"end":{"line":492,"column":3}},"492":{"start":{"line":493,"column":0},"end":{"line":493,"column":68}},"493":{"start":{"line":494,"column":0},"end":{"line":494,"column":10}},"494":{"start":{"line":495,"column":0},"end":{"line":495,"column":79}},"495":{"start":{"line":496,"column":0},"end":{"line":496,"column":46}},"496":{"start":{"line":497,"column":0},"end":{"line":497,"column":1}},"498":{"start":{"line":499,"column":0},"end":{"line":499,"column":32}},"499":{"start":{"line":500,"column":0},"end":{"line":500,"column":9}},"500":{"start":{"line":501,"column":0},"end":{"line":501,"column":11}},"501":{"start":{"line":502,"column":0},"end":{"line":502,"column":10}},"502":{"start":{"line":503,"column":0},"end":{"line":503,"column":14}},"503":{"start":{"line":504,"column":0},"end":{"line":504,"column":12}},"504":{"start":{"line":505,"column":0},"end":{"line":505,"column":24}},"505":{"start":{"line":506,"column":0},"end":{"line":506,"column":24}},"506":{"start":{"line":507,"column":0},"end":{"line":507,"column":13}},"507":{"start":{"line":508,"column":0},"end":{"line":508,"column":19}},"508":{"start":{"line":509,"column":0},"end":{"line":509,"column":19}},"509":{"start":{"line":510,"column":0},"end":{"line":510,"column":14}},"510":{"start":{"line":511,"column":0},"end":{"line":511,"column":16}},"511":{"start":{"line":512,"column":0},"end":{"line":512,"column":15}},"512":{"start":{"line":513,"column":0},"end":{"line":513,"column":10}},"513":{"start":{"line":514,"column":0},"end":{"line":514,"column":10}},"514":{"start":{"line":515,"column":0},"end":{"line":515,"column":16}},"515":{"start":{"line":516,"column":0},"end":{"line":516,"column":14}},"516":{"start":{"line":517,"column":0},"end":{"line":517,"column":25}},"517":{"start":{"line":518,"column":0},"end":{"line":518,"column":18}},"518":{"start":{"line":519,"column":0},"end":{"line":519,"column":18}},"519":{"start":{"line":520,"column":0},"end":{"line":520,"column":15}},"520":{"start":{"line":521,"column":0},"end":{"line":521,"column":18}},"521":{"start":{"line":522,"column":0},"end":{"line":522,"column":11}},"522":{"start":{"line":523,"column":0},"end":{"line":523,"column":3}},"524":{"start":{"line":525,"column":0},"end":{"line":525,"column":27}},"525":{"start":{"line":526,"column":0},"end":{"line":526,"column":30}},"526":{"start":{"line":527,"column":0},"end":{"line":527,"column":34}},"527":{"start":{"line":528,"column":0},"end":{"line":528,"column":24}},"528":{"start":{"line":529,"column":0},"end":{"line":529,"column":80}},"529":{"start":{"line":530,"column":0},"end":{"line":530,"column":23}},"530":{"start":{"line":531,"column":0},"end":{"line":531,"column":40}},"531":{"start":{"line":532,"column":0},"end":{"line":532,"column":89}},"532":{"start":{"line":533,"column":0},"end":{"line":533,"column":48}},"533":{"start":{"line":534,"column":0},"end":{"line":534,"column":71}},"534":{"start":{"line":535,"column":0},"end":{"line":535,"column":66}},"535":{"start":{"line":536,"column":0},"end":{"line":536,"column":11}},"536":{"start":{"line":537,"column":0},"end":{"line":537,"column":67}},"537":{"start":{"line":538,"column":0},"end":{"line":538,"column":58}},"538":{"start":{"line":539,"column":0},"end":{"line":539,"column":3}},"539":{"start":{"line":540,"column":0},"end":{"line":540,"column":29}},"540":{"start":{"line":541,"column":0},"end":{"line":541,"column":1}},"542":{"start":{"line":543,"column":0},"end":{"line":543,"column":63}},"543":{"start":{"line":544,"column":0},"end":{"line":544,"column":87}},"544":{"start":{"line":545,"column":0},"end":{"line":545,"column":46}},"545":{"start":{"line":546,"column":0},"end":{"line":546,"column":69}},"546":{"start":{"line":547,"column":0},"end":{"line":547,"column":71}},"547":{"start":{"line":548,"column":0},"end":{"line":548,"column":1}},"553":{"start":{"line":554,"column":0},"end":{"line":554,"column":38}},"565":{"start":{"line":566,"column":0},"end":{"line":566,"column":16}},"566":{"start":{"line":567,"column":0},"end":{"line":567,"column":20}},"567":{"start":{"line":568,"column":0},"end":{"line":568,"column":19}},"568":{"start":{"line":569,"column":0},"end":{"line":569,"column":16}},"569":{"start":{"line":570,"column":0},"end":{"line":570,"column":13}},"570":{"start":{"line":571,"column":0},"end":{"line":571,"column":92}},"574":{"start":{"line":575,"column":0},"end":{"line":575,"column":5}},"575":{"start":{"line":576,"column":0},"end":{"line":576,"column":10}},"576":{"start":{"line":577,"column":0},"end":{"line":577,"column":29}},"577":{"start":{"line":578,"column":0},"end":{"line":578,"column":31}},"578":{"start":{"line":579,"column":0},"end":{"line":579,"column":37}},"579":{"start":{"line":580,"column":0},"end":{"line":580,"column":37}},"580":{"start":{"line":581,"column":0},"end":{"line":581,"column":41}},"581":{"start":{"line":582,"column":0},"end":{"line":582,"column":49}},"582":{"start":{"line":583,"column":0},"end":{"line":583,"column":53}},"583":{"start":{"line":584,"column":0},"end":{"line":584,"column":55}},"584":{"start":{"line":585,"column":0},"end":{"line":585,"column":30}},"585":{"start":{"line":586,"column":0},"end":{"line":586,"column":33}},"586":{"start":{"line":587,"column":0},"end":{"line":587,"column":35}},"587":{"start":{"line":588,"column":0},"end":{"line":588,"column":9}},"588":{"start":{"line":589,"column":0},"end":{"line":589,"column":7}},"589":{"start":{"line":590,"column":0},"end":{"line":590,"column":107}},"590":{"start":{"line":591,"column":0},"end":{"line":591,"column":1}},"592":{"start":{"line":593,"column":0},"end":{"line":593,"column":60}},"593":{"start":{"line":594,"column":0},"end":{"line":594,"column":16}},"594":{"start":{"line":595,"column":0},"end":{"line":595,"column":73}},"595":{"start":{"line":596,"column":0},"end":{"line":596,"column":33}},"596":{"start":{"line":597,"column":0},"end":{"line":597,"column":1}},"602":{"start":{"line":603,"column":0},"end":{"line":603,"column":43}},"607":{"start":{"line":608,"column":0},"end":{"line":608,"column":21}},"608":{"start":{"line":609,"column":0},"end":{"line":609,"column":20}},"609":{"start":{"line":610,"column":0},"end":{"line":610,"column":19}},"610":{"start":{"line":611,"column":0},"end":{"line":611,"column":16}},"611":{"start":{"line":612,"column":0},"end":{"line":612,"column":13}},"612":{"start":{"line":613,"column":0},"end":{"line":613,"column":86}},"614":{"start":{"line":615,"column":0},"end":{"line":615,"column":5}},"615":{"start":{"line":616,"column":0},"end":{"line":616,"column":10}},"616":{"start":{"line":617,"column":0},"end":{"line":617,"column":29}},"617":{"start":{"line":618,"column":0},"end":{"line":618,"column":23}},"618":{"start":{"line":619,"column":0},"end":{"line":619,"column":47}},"619":{"start":{"line":620,"column":0},"end":{"line":620,"column":45}},"620":{"start":{"line":621,"column":0},"end":{"line":621,"column":9}},"621":{"start":{"line":622,"column":0},"end":{"line":622,"column":7}},"622":{"start":{"line":623,"column":0},"end":{"line":623,"column":10}},"623":{"start":{"line":624,"column":0},"end":{"line":624,"column":56}},"624":{"start":{"line":625,"column":0},"end":{"line":625,"column":58}},"625":{"start":{"line":626,"column":0},"end":{"line":626,"column":1}},"627":{"start":{"line":628,"column":0},"end":{"line":628,"column":80}},"628":{"start":{"line":629,"column":0},"end":{"line":629,"column":16}},"629":{"start":{"line":630,"column":0},"end":{"line":630,"column":101}},"630":{"start":{"line":631,"column":0},"end":{"line":631,"column":38}},"631":{"start":{"line":632,"column":0},"end":{"line":632,"column":1}},"633":{"start":{"line":634,"column":0},"end":{"line":634,"column":70}},"634":{"start":{"line":635,"column":0},"end":{"line":635,"column":16}},"635":{"start":{"line":636,"column":0},"end":{"line":636,"column":77}},"636":{"start":{"line":637,"column":0},"end":{"line":637,"column":38}},"637":{"start":{"line":638,"column":0},"end":{"line":638,"column":1}},"639":{"start":{"line":640,"column":0},"end":{"line":640,"column":60}},"640":{"start":{"line":641,"column":0},"end":{"line":641,"column":90}},"641":{"start":{"line":642,"column":0},"end":{"line":642,"column":1}}},"s":{"0":1,"17":1,"20":1,"21":312,"22":13,"23":13,"24":13,"25":13,"26":13,"27":13,"28":13,"31":1,"32":40,"33":13,"34":13,"35":13,"36":40,"38":135,"39":135,"40":135,"42":10,"43":10,"44":10,"51":154,"52":154,"53":154,"54":143,"55":143,"56":154,"58":1,"59":14,"61":14,"133":14,"137":14,"138":14,"139":14,"140":14,"141":14,"142":14,"143":14,"144":14,"145":14,"146":14,"147":14,"148":14,"149":14,"150":14,"152":14,"158":14,"159":14,"252":1,"259":7,"260":7,"261":7,"262":7,"263":7,"264":7,"266":7,"267":7,"268":7,"269":7,"270":7,"271":7,"272":7,"273":7,"274":7,"275":7,"276":7,"277":7,"279":1,"280":18,"281":18,"283":1,"284":11,"285":11,"287":1,"288":1,"289":1,"290":1,"291":1,"292":1,"293":1,"294":1,"296":1,"297":2,"298":2,"299":2,"300":2,"301":2,"302":2,"303":2,"304":2,"305":2,"306":2,"308":1,"309":0,"310":0,"320":1,"321":10,"322":10,"323":10,"324":10,"325":10,"326":10,"327":0,"328":10,"330":10,"331":10,"332":10,"333":10,"334":10,"336":1,"337":9,"338":9,"341":1,"351":79,"352":79,"353":79,"354":79,"355":79,"356":79,"357":79,"358":79,"362":79,"363":0,"364":0,"366":0,"367":0,"368":0,"369":0,"370":0,"371":0,"372":0,"373":0,"374":0,"375":0,"376":0,"377":0,"378":0,"380":79,"381":79,"382":79,"384":79,"385":79,"386":79,"387":79,"388":79,"389":79,"390":79,"391":79,"392":79,"393":79,"394":79,"395":79,"396":79,"397":79,"398":79,"400":1,"401":0,"402":0,"404":1,"405":8,"408":8,"409":8,"415":1,"430":10,"431":10,"432":10,"433":10,"434":10,"435":10,"436":10,"440":10,"441":10,"442":10,"443":10,"444":10,"445":10,"446":10,"447":10,"448":10,"449":10,"450":10,"451":10,"452":10,"453":10,"454":10,"455":10,"456":10,"457":10,"458":10,"459":10,"460":10,"463":1,"464":50,"465":50,"466":10,"469":10,"470":10,"471":40,"474":40,"476":1,"477":23,"478":23,"479":23,"480":23,"481":21,"482":21,"483":21,"484":23,"485":1,"486":1,"487":1,"488":23,"489":2,"490":2,"491":2,"492":23,"493":23,"494":23,"495":23,"496":23,"498":1,"499":1,"500":1,"501":1,"502":1,"503":1,"504":1,"505":1,"506":1,"507":1,"508":1,"509":1,"510":1,"511":1,"512":1,"513":1,"514":1,"515":1,"516":1,"517":1,"518":1,"519":1,"520":1,"521":1,"522":1,"524":1,"525":25,"526":25,"527":25,"528":25,"529":25,"530":25,"531":25,"532":25,"533":25,"534":25,"535":25,"536":25,"537":25,"538":25,"539":25,"540":25,"542":1,"543":0,"544":0,"545":0,"546":0,"547":0,"553":1,"565":10,"566":10,"567":10,"568":10,"569":10,"570":10,"574":10,"575":10,"576":10,"577":10,"578":10,"579":10,"580":10,"581":10,"582":10,"583":10,"584":10,"585":10,"586":10,"587":10,"588":10,"589":10,"590":10,"592":1,"593":21,"594":21,"595":21,"596":21,"602":1,"607":1,"608":1,"609":1,"610":1,"611":1,"612":1,"614":1,"615":1,"616":1,"617":1,"618":1,"619":1,"620":1,"621":1,"622":1,"623":1,"624":1,"625":1,"627":1,"628":11,"629":11,"630":11,"631":11,"633":1,"634":9,"635":9,"636":9,"637":9,"639":1,"640":1,"641":1},"branchMap":{"0":{"type":"branch","line":21,"loc":{"start":{"line":21,"column":7},"end":{"line":29,"column":1}},"locations":[{"start":{"line":21,"column":7},"end":{"line":29,"column":1}}]},"1":{"type":"branch","line":22,"loc":{"start":{"line":22,"column":10},"end":{"line":22,"column":20}},"locations":[{"start":{"line":22,"column":10},"end":{"line":22,"column":20}}]},"2":{"type":"branch","line":22,"loc":{"start":{"line":22,"column":17},"end":{"line":29,"column":1}},"locations":[{"start":{"line":22,"column":17},"end":{"line":29,"column":1}}]},"3":{"type":"branch","line":32,"loc":{"start":{"line":32,"column":7},"end":{"line":37,"column":1}},"locations":[{"start":{"line":32,"column":7},"end":{"line":37,"column":1}}]},"4":{"type":"branch","line":33,"loc":{"start":{"line":33,"column":10},"end":{"line":36,"column":3}},"locations":[{"start":{"line":33,"column":10},"end":{"line":36,"column":3}}]},"5":{"type":"branch","line":39,"loc":{"start":{"line":39,"column":0},"end":{"line":41,"column":1}},"locations":[{"start":{"line":39,"column":0},"end":{"line":41,"column":1}}]},"6":{"type":"branch","line":43,"loc":{"start":{"line":43,"column":0},"end":{"line":45,"column":1}},"locations":[{"start":{"line":43,"column":0},"end":{"line":45,"column":1}}]},"7":{"type":"branch","line":52,"loc":{"start":{"line":52,"column":0},"end":{"line":57,"column":1}},"locations":[{"start":{"line":52,"column":0},"end":{"line":57,"column":1}}]},"8":{"type":"branch","line":54,"loc":{"start":{"line":54,"column":44},"end":{"line":56,"column":3}},"locations":[{"start":{"line":54,"column":44},"end":{"line":56,"column":3}}]},"9":{"type":"branch","line":54,"loc":{"start":{"line":54,"column":17},"end":{"line":54,"column":41}},"locations":[{"start":{"line":54,"column":17},"end":{"line":54,"column":41}}]},"10":{"type":"branch","line":59,"loc":{"start":{"line":59,"column":7},"end":{"line":160,"column":1}},"locations":[{"start":{"line":59,"column":7},"end":{"line":160,"column":1}}]},"11":{"type":"branch","line":151,"loc":{"start":{"line":151,"column":37},"end":{"line":151,"column":78}},"locations":[{"start":{"line":151,"column":37},"end":{"line":151,"column":78}}]},"12":{"type":"branch","line":253,"loc":{"start":{"line":253,"column":7},"end":{"line":278,"column":1}},"locations":[{"start":{"line":253,"column":7},"end":{"line":278,"column":1}}]},"13":{"type":"branch","line":280,"loc":{"start":{"line":280,"column":7},"end":{"line":282,"column":1}},"locations":[{"start":{"line":280,"column":7},"end":{"line":282,"column":1}}]},"14":{"type":"branch","line":284,"loc":{"start":{"line":284,"column":7},"end":{"line":286,"column":1}},"locations":[{"start":{"line":284,"column":7},"end":{"line":286,"column":1}}]},"15":{"type":"branch","line":297,"loc":{"start":{"line":297,"column":7},"end":{"line":307,"column":1}},"locations":[{"start":{"line":297,"column":7},"end":{"line":307,"column":1}}]},"16":{"type":"branch","line":298,"loc":{"start":{"line":298,"column":48},"end":{"line":298,"column":81}},"locations":[{"start":{"line":298,"column":48},"end":{"line":298,"column":81}}]},"17":{"type":"branch","line":301,"loc":{"start":{"line":301,"column":34},"end":{"line":301,"column":53}},"locations":[{"start":{"line":301,"column":34},"end":{"line":301,"column":53}}]},"18":{"type":"branch","line":304,"loc":{"start":{"line":304,"column":26},"end":{"line":304,"column":47}},"locations":[{"start":{"line":304,"column":26},"end":{"line":304,"column":47}}]},"19":{"type":"branch","line":321,"loc":{"start":{"line":321,"column":7},"end":{"line":335,"column":1}},"locations":[{"start":{"line":321,"column":7},"end":{"line":335,"column":1}}]},"20":{"type":"branch","line":327,"loc":{"start":{"line":327,"column":17},"end":{"line":328,"column":10}},"locations":[{"start":{"line":327,"column":17},"end":{"line":328,"column":10}}]},"21":{"type":"branch","line":332,"loc":{"start":{"line":332,"column":27},"end":{"line":332,"column":47}},"locations":[{"start":{"line":332,"column":27},"end":{"line":332,"column":47}}]},"22":{"type":"branch","line":333,"loc":{"start":{"line":333,"column":29},"end":{"line":333,"column":72}},"locations":[{"start":{"line":333,"column":29},"end":{"line":333,"column":72}}]},"23":{"type":"branch","line":334,"loc":{"start":{"line":334,"column":34},"end":{"line":334,"column":97}},"locations":[{"start":{"line":334,"column":34},"end":{"line":334,"column":97}}]},"24":{"type":"branch","line":334,"loc":{"start":{"line":334,"column":59},"end":{"line":334,"column":97}},"locations":[{"start":{"line":334,"column":59},"end":{"line":334,"column":97}}]},"25":{"type":"branch","line":337,"loc":{"start":{"line":337,"column":7},"end":{"line":339,"column":1}},"locations":[{"start":{"line":337,"column":7},"end":{"line":339,"column":1}}]},"26":{"type":"branch","line":338,"loc":{"start":{"line":338,"column":35},"end":{"line":338,"column":55}},"locations":[{"start":{"line":338,"column":35},"end":{"line":338,"column":55}}]},"27":{"type":"branch","line":342,"loc":{"start":{"line":342,"column":7},"end":{"line":399,"column":1}},"locations":[{"start":{"line":342,"column":7},"end":{"line":399,"column":1}}]},"28":{"type":"branch","line":357,"loc":{"start":{"line":357,"column":67},"end":{"line":357,"column":97}},"locations":[{"start":{"line":357,"column":67},"end":{"line":357,"column":97}}]},"29":{"type":"branch","line":357,"loc":{"start":{"line":357,"column":74},"end":{"line":357,"column":113}},"locations":[{"start":{"line":357,"column":74},"end":{"line":357,"column":113}}]},"30":{"type":"branch","line":359,"loc":{"start":{"line":359,"column":33},"end":{"line":359,"column":54}},"locations":[{"start":{"line":359,"column":33},"end":{"line":359,"column":54}}]},"31":{"type":"branch","line":359,"loc":{"start":{"line":359,"column":50},"end":{"line":359,"column":84}},"locations":[{"start":{"line":359,"column":50},"end":{"line":359,"column":84}}]},"32":{"type":"branch","line":363,"loc":{"start":{"line":363,"column":16},"end":{"line":379,"column":3}},"locations":[{"start":{"line":363,"column":16},"end":{"line":379,"column":3}}]},"33":{"type":"branch","line":389,"loc":{"start":{"line":389,"column":19},"end":{"line":389,"column":33}},"locations":[{"start":{"line":389,"column":19},"end":{"line":389,"column":33}}]},"34":{"type":"branch","line":390,"loc":{"start":{"line":390,"column":33},"end":{"line":390,"column":45}},"locations":[{"start":{"line":390,"column":33},"end":{"line":390,"column":45}}]},"35":{"type":"branch","line":390,"loc":{"start":{"line":390,"column":41},"end":{"line":390,"column":47}},"locations":[{"start":{"line":390,"column":41},"end":{"line":390,"column":47}}]},"36":{"type":"branch","line":391,"loc":{"start":{"line":391,"column":24},"end":{"line":391,"column":43}},"locations":[{"start":{"line":391,"column":24},"end":{"line":391,"column":43}}]},"37":{"type":"branch","line":392,"loc":{"start":{"line":392,"column":22},"end":{"line":392,"column":36}},"locations":[{"start":{"line":392,"column":22},"end":{"line":392,"column":36}}]},"38":{"type":"branch","line":393,"loc":{"start":{"line":393,"column":27},"end":{"line":393,"column":49}},"locations":[{"start":{"line":393,"column":27},"end":{"line":393,"column":49}}]},"39":{"type":"branch","line":394,"loc":{"start":{"line":394,"column":24},"end":{"line":394,"column":43}},"locations":[{"start":{"line":394,"column":24},"end":{"line":394,"column":43}}]},"40":{"type":"branch","line":405,"loc":{"start":{"line":405,"column":7},"end":{"line":410,"column":1}},"locations":[{"start":{"line":405,"column":7},"end":{"line":410,"column":1}}]},"41":{"type":"branch","line":416,"loc":{"start":{"line":416,"column":7},"end":{"line":461,"column":1}},"locations":[{"start":{"line":416,"column":7},"end":{"line":461,"column":1}}]},"42":{"type":"branch","line":445,"loc":{"start":{"line":445,"column":20},"end":{"line":445,"column":40}},"locations":[{"start":{"line":445,"column":20},"end":{"line":445,"column":40}}]},"43":{"type":"branch","line":447,"loc":{"start":{"line":447,"column":21},"end":{"line":447,"column":37}},"locations":[{"start":{"line":447,"column":21},"end":{"line":447,"column":37}}]},"44":{"type":"branch","line":448,"loc":{"start":{"line":448,"column":24},"end":{"line":448,"column":43}},"locations":[{"start":{"line":448,"column":24},"end":{"line":448,"column":43}}]},"45":{"type":"branch","line":449,"loc":{"start":{"line":449,"column":19},"end":{"line":449,"column":37}},"locations":[{"start":{"line":449,"column":19},"end":{"line":449,"column":37}}]},"46":{"type":"branch","line":450,"loc":{"start":{"line":450,"column":19},"end":{"line":450,"column":35}},"locations":[{"start":{"line":450,"column":19},"end":{"line":450,"column":35}}]},"47":{"type":"branch","line":451,"loc":{"start":{"line":451,"column":25},"end":{"line":451,"column":49}},"locations":[{"start":{"line":451,"column":25},"end":{"line":451,"column":49}}]},"48":{"type":"branch","line":452,"loc":{"start":{"line":452,"column":23},"end":{"line":452,"column":41}},"locations":[{"start":{"line":452,"column":23},"end":{"line":452,"column":41}}]},"49":{"type":"branch","line":453,"loc":{"start":{"line":453,"column":28},"end":{"line":453,"column":51}},"locations":[{"start":{"line":453,"column":28},"end":{"line":453,"column":51}}]},"50":{"type":"branch","line":454,"loc":{"start":{"line":454,"column":23},"end":{"line":454,"column":43}},"locations":[{"start":{"line":454,"column":23},"end":{"line":454,"column":43}}]},"51":{"type":"branch","line":455,"loc":{"start":{"line":455,"column":25},"end":{"line":455,"column":45}},"locations":[{"start":{"line":455,"column":25},"end":{"line":455,"column":45}}]},"52":{"type":"branch","line":464,"loc":{"start":{"line":464,"column":7},"end":{"line":475,"column":1}},"locations":[{"start":{"line":464,"column":7},"end":{"line":475,"column":1}}]},"53":{"type":"branch","line":466,"loc":{"start":{"line":466,"column":28},"end":{"line":466,"column":66}},"locations":[{"start":{"line":466,"column":28},"end":{"line":466,"column":66}}]},"54":{"type":"branch","line":466,"loc":{"start":{"line":466,"column":66},"end":{"line":471,"column":3}},"locations":[{"start":{"line":466,"column":66},"end":{"line":471,"column":3}}]},"55":{"type":"branch","line":471,"loc":{"start":{"line":471,"column":2},"end":{"line":475,"column":1}},"locations":[{"start":{"line":471,"column":2},"end":{"line":475,"column":1}}]},"56":{"type":"branch","line":477,"loc":{"start":{"line":477,"column":7},"end":{"line":497,"column":1}},"locations":[{"start":{"line":477,"column":7},"end":{"line":497,"column":1}}]},"57":{"type":"branch","line":481,"loc":{"start":{"line":481,"column":30},"end":{"line":484,"column":3}},"locations":[{"start":{"line":481,"column":30},"end":{"line":484,"column":3}}]},"58":{"type":"branch","line":485,"loc":{"start":{"line":485,"column":18},"end":{"line":488,"column":3}},"locations":[{"start":{"line":485,"column":18},"end":{"line":488,"column":3}}]},"59":{"type":"branch","line":489,"loc":{"start":{"line":489,"column":25},"end":{"line":492,"column":3}},"locations":[{"start":{"line":489,"column":25},"end":{"line":492,"column":3}}]},"60":{"type":"branch","line":493,"loc":{"start":{"line":493,"column":60},"end":{"line":493,"column":68}},"locations":[{"start":{"line":493,"column":60},"end":{"line":493,"column":68}}]},"61":{"type":"branch","line":525,"loc":{"start":{"line":525,"column":7},"end":{"line":541,"column":1}},"locations":[{"start":{"line":525,"column":7},"end":{"line":541,"column":1}}]},"62":{"type":"branch","line":533,"loc":{"start":{"line":533,"column":19},"end":{"line":533,"column":38}},"locations":[{"start":{"line":533,"column":19},"end":{"line":533,"column":38}}]},"63":{"type":"branch","line":534,"loc":{"start":{"line":534,"column":19},"end":{"line":534,"column":52}},"locations":[{"start":{"line":534,"column":19},"end":{"line":534,"column":52}}]},"64":{"type":"branch","line":529,"loc":{"start":{"line":529,"column":48},"end":{"line":529,"column":78}},"locations":[{"start":{"line":529,"column":48},"end":{"line":529,"column":78}}]},"65":{"type":"branch","line":535,"loc":{"start":{"line":535,"column":34},"end":{"line":535,"column":53}},"locations":[{"start":{"line":535,"column":34},"end":{"line":535,"column":53}}]},"66":{"type":"branch","line":538,"loc":{"start":{"line":538,"column":26},"end":{"line":538,"column":47}},"locations":[{"start":{"line":538,"column":26},"end":{"line":538,"column":47}}]},"67":{"type":"branch","line":554,"loc":{"start":{"line":554,"column":7},"end":{"line":591,"column":1}},"locations":[{"start":{"line":554,"column":7},"end":{"line":591,"column":1}}]},"68":{"type":"branch","line":579,"loc":{"start":{"line":579,"column":21},"end":{"line":579,"column":37}},"locations":[{"start":{"line":579,"column":21},"end":{"line":579,"column":37}}]},"69":{"type":"branch","line":580,"loc":{"start":{"line":580,"column":21},"end":{"line":580,"column":37}},"locations":[{"start":{"line":580,"column":21},"end":{"line":580,"column":37}}]},"70":{"type":"branch","line":581,"loc":{"start":{"line":581,"column":23},"end":{"line":581,"column":41}},"locations":[{"start":{"line":581,"column":23},"end":{"line":581,"column":41}}]},"71":{"type":"branch","line":582,"loc":{"start":{"line":582,"column":27},"end":{"line":582,"column":49}},"locations":[{"start":{"line":582,"column":27},"end":{"line":582,"column":49}}]},"72":{"type":"branch","line":583,"loc":{"start":{"line":583,"column":29},"end":{"line":583,"column":53}},"locations":[{"start":{"line":583,"column":29},"end":{"line":583,"column":53}}]},"73":{"type":"branch","line":584,"loc":{"start":{"line":584,"column":30},"end":{"line":584,"column":55}},"locations":[{"start":{"line":584,"column":30},"end":{"line":584,"column":55}}]},"74":{"type":"branch","line":585,"loc":{"start":{"line":585,"column":19},"end":{"line":585,"column":30}},"locations":[{"start":{"line":585,"column":19},"end":{"line":585,"column":30}}]},"75":{"type":"branch","line":586,"loc":{"start":{"line":586,"column":19},"end":{"line":586,"column":33}},"locations":[{"start":{"line":586,"column":19},"end":{"line":586,"column":33}}]},"76":{"type":"branch","line":587,"loc":{"start":{"line":587,"column":20},"end":{"line":587,"column":35}},"locations":[{"start":{"line":587,"column":20},"end":{"line":587,"column":35}}]},"77":{"type":"branch","line":593,"loc":{"start":{"line":593,"column":7},"end":{"line":597,"column":1}},"locations":[{"start":{"line":593,"column":7},"end":{"line":597,"column":1}}]},"78":{"type":"branch","line":603,"loc":{"start":{"line":603,"column":7},"end":{"line":626,"column":1}},"locations":[{"start":{"line":603,"column":7},"end":{"line":626,"column":1}}]},"79":{"type":"branch","line":628,"loc":{"start":{"line":628,"column":7},"end":{"line":632,"column":1}},"locations":[{"start":{"line":628,"column":7},"end":{"line":632,"column":1}}]},"80":{"type":"branch","line":634,"loc":{"start":{"line":634,"column":7},"end":{"line":638,"column":1}},"locations":[{"start":{"line":634,"column":7},"end":{"line":638,"column":1}}]},"81":{"type":"branch","line":640,"loc":{"start":{"line":640,"column":7},"end":{"line":642,"column":1}},"locations":[{"start":{"line":640,"column":7},"end":{"line":642,"column":1}}]}},"b":{"0":[312],"1":[299],"2":[13],"3":[40],"4":[13],"5":[135],"6":[10],"7":[154],"8":[143],"9":[3245],"10":[14],"11":[154],"12":[7],"13":[18],"14":[11],"15":[2],"16":[4],"17":[5],"18":[5],"19":[10],"20":[0],"21":[173],"22":[1],"23":[343],"24":[0],"25":[9],"26":[45],"27":[79],"28":[78],"29":[1],"30":[78],"31":[1],"32":[0],"33":[0],"34":[1],"35":[78],"36":[3],"37":[0],"38":[3],"39":[3],"40":[8],"41":[10],"42":[8],"43":[7],"44":[4],"45":[4],"46":[4],"47":[4],"48":[5],"49":[7],"50":[8],"51":[8],"52":[50],"53":[40],"54":[10],"55":[40],"56":[23],"57":[21],"58":[1],"59":[2],"60":[0],"61":[25],"62":[0],"63":[0],"64":[54],"65":[78],"66":[78],"67":[10],"68":[0],"69":[0],"70":[1],"71":[1],"72":[1],"73":[1],"74":[1],"75":[1],"76":[1],"77":[21],"78":[1],"79":[11],"80":[9],"81":[1]},"fnMap":{"0":{"name":"getDb","decl":{"start":{"line":21,"column":7},"end":{"line":29,"column":1}},"loc":{"start":{"line":21,"column":7},"end":{"line":29,"column":1}},"line":21},"1":{"name":"closeDb","decl":{"start":{"line":32,"column":7},"end":{"line":37,"column":1}},"loc":{"start":{"line":32,"column":7},"end":{"line":37,"column":1}},"line":32},"2":{"name":"now","decl":{"start":{"line":39,"column":0},"end":{"line":41,"column":1}},"loc":{"start":{"line":39,"column":0},"end":{"line":41,"column":1}},"line":39},"3":{"name":"genId","decl":{"start":{"line":43,"column":0},"end":{"line":45,"column":1}},"loc":{"start":{"line":43,"column":0},"end":{"line":45,"column":1}},"line":43},"4":{"name":"addColumnIfMissing","decl":{"start":{"line":52,"column":0},"end":{"line":57,"column":1}},"loc":{"start":{"line":52,"column":0},"end":{"line":57,"column":1}},"line":52},"5":{"name":"initDb","decl":{"start":{"line":59,"column":7},"end":{"line":160,"column":1}},"loc":{"start":{"line":59,"column":7},"end":{"line":160,"column":1}},"line":59},"6":{"name":"createProject","decl":{"start":{"line":253,"column":7},"end":{"line":278,"column":1}},"loc":{"start":{"line":253,"column":7},"end":{"line":278,"column":1}},"line":253},"7":{"name":"listProjects","decl":{"start":{"line":280,"column":7},"end":{"line":282,"column":1}},"loc":{"start":{"line":280,"column":7},"end":{"line":282,"column":1}},"line":280},"8":{"name":"getProject","decl":{"start":{"line":284,"column":7},"end":{"line":286,"column":1}},"loc":{"start":{"line":284,"column":7},"end":{"line":286,"column":1}},"line":284},"9":{"name":"updateProject","decl":{"start":{"line":297,"column":7},"end":{"line":307,"column":1}},"loc":{"start":{"line":297,"column":7},"end":{"line":307,"column":1}},"line":297},"10":{"name":"deleteProject","decl":{"start":{"line":309,"column":7},"end":{"line":311,"column":1}},"loc":{"start":{"line":309,"column":7},"end":{"line":311,"column":1}},"line":309},"11":{"name":"listRoles","decl":{"start":{"line":321,"column":7},"end":{"line":335,"column":1}},"loc":{"start":{"line":321,"column":7},"end":{"line":335,"column":1}},"line":321},"12":{"name":"getRole","decl":{"start":{"line":337,"column":7},"end":{"line":339,"column":1}},"loc":{"start":{"line":337,"column":7},"end":{"line":339,"column":1}},"line":337},"13":{"name":"upsertRole","decl":{"start":{"line":342,"column":7},"end":{"line":399,"column":1}},"loc":{"start":{"line":342,"column":7},"end":{"line":399,"column":1}},"line":342},"14":{"name":"deleteRole","decl":{"start":{"line":401,"column":7},"end":{"line":403,"column":1}},"loc":{"start":{"line":401,"column":7},"end":{"line":403,"column":1}},"line":401},"15":{"name":"countGlobalRoles","decl":{"start":{"line":405,"column":7},"end":{"line":410,"column":1}},"loc":{"start":{"line":405,"column":7},"end":{"line":410,"column":1}},"line":405},"16":{"name":"createTask","decl":{"start":{"line":416,"column":7},"end":{"line":461,"column":1}},"loc":{"start":{"line":416,"column":7},"end":{"line":461,"column":1}},"line":416},"17":{"name":"getTask","decl":{"start":{"line":464,"column":7},"end":{"line":475,"column":1}},"loc":{"start":{"line":464,"column":7},"end":{"line":475,"column":1}},"line":464},"18":{"name":"listTasks","decl":{"start":{"line":477,"column":7},"end":{"line":497,"column":1}},"loc":{"start":{"line":477,"column":7},"end":{"line":497,"column":1}},"line":477},"19":{"name":"updateTask","decl":{"start":{"line":525,"column":7},"end":{"line":541,"column":1}},"loc":{"start":{"line":525,"column":7},"end":{"line":541,"column":1}},"line":525},"20":{"name":"deleteTask","decl":{"start":{"line":543,"column":7},"end":{"line":548,"column":1}},"loc":{"start":{"line":543,"column":7},"end":{"line":548,"column":1}},"line":543},"21":{"name":"createRoleRun","decl":{"start":{"line":554,"column":7},"end":{"line":591,"column":1}},"loc":{"start":{"line":554,"column":7},"end":{"line":591,"column":1}},"line":554},"22":{"name":"listRoleRuns","decl":{"start":{"line":593,"column":7},"end":{"line":597,"column":1}},"loc":{"start":{"line":593,"column":7},"end":{"line":597,"column":1}},"line":593},"23":{"name":"createIntervention","decl":{"start":{"line":603,"column":7},"end":{"line":626,"column":1}},"loc":{"start":{"line":603,"column":7},"end":{"line":626,"column":1}},"line":603},"24":{"name":"listUnconsumedInterventions","decl":{"start":{"line":628,"column":7},"end":{"line":632,"column":1}},"loc":{"start":{"line":628,"column":7},"end":{"line":632,"column":1}},"line":628},"25":{"name":"listInterventions","decl":{"start":{"line":634,"column":7},"end":{"line":638,"column":1}},"loc":{"start":{"line":634,"column":7},"end":{"line":638,"column":1}},"line":634},"26":{"name":"markInterventionConsumed","decl":{"start":{"line":640,"column":7},"end":{"line":642,"column":1}},"loc":{"start":{"line":640,"column":7},"end":{"line":642,"column":1}},"line":640}},"f":{"0":312,"1":40,"2":135,"3":10,"4":154,"5":14,"6":7,"7":18,"8":11,"9":2,"10":0,"11":10,"12":9,"13":79,"14":0,"15":8,"16":10,"17":50,"18":23,"19":25,"20":0,"21":10,"22":21,"23":1,"24":11,"25":9,"26":1}}
,"/Users/romanrheingans/Documents/Projects/Orchestra/server/src/git.ts": {"path":"/Users/romanrheingans/Documents/Projects/Orchestra/server/src/git.ts","all":false,"statementMap":{"0":{"start":{"line":1,"column":0},"end":{"line":1,"column":3}},"12":{"start":{"line":13,"column":0},"end":{"line":13,"column":86}},"20":{"start":{"line":21,"column":0},"end":{"line":21,"column":56}},"21":{"start":{"line":22,"column":0},"end":{"line":22,"column":59}},"22":{"start":{"line":23,"column":0},"end":{"line":23,"column":66}},"23":{"start":{"line":24,"column":0},"end":{"line":24,"column":52}},"24":{"start":{"line":25,"column":0},"end":{"line":25,"column":1}},"36":{"start":{"line":37,"column":0},"end":{"line":37,"column":60}},"37":{"start":{"line":38,"column":0},"end":{"line":38,"column":23}},"39":{"start":{"line":40,"column":0},"end":{"line":40,"column":7}},"40":{"start":{"line":41,"column":0},"end":{"line":41,"column":78}},"41":{"start":{"line":42,"column":0},"end":{"line":42,"column":17}},"42":{"start":{"line":43,"column":0},"end":{"line":43,"column":18}},"43":{"start":{"line":44,"column":0},"end":{"line":44,"column":3}},"46":{"start":{"line":47,"column":0},"end":{"line":47,"column":7}},"47":{"start":{"line":48,"column":0},"end":{"line":48,"column":61}},"48":{"start":{"line":49,"column":0},"end":{"line":49,"column":58}},"49":{"start":{"line":50,"column":0},"end":{"line":50,"column":50}},"50":{"start":{"line":51,"column":0},"end":{"line":51,"column":78}},"51":{"start":{"line":52,"column":0},"end":{"line":52,"column":17}},"52":{"start":{"line":53,"column":0},"end":{"line":53,"column":18}},"53":{"start":{"line":54,"column":0},"end":{"line":54,"column":3}},"54":{"start":{"line":55,"column":0},"end":{"line":55,"column":18}},"55":{"start":{"line":56,"column":0},"end":{"line":56,"column":74}},"56":{"start":{"line":57,"column":0},"end":{"line":57,"column":4}},"57":{"start":{"line":58,"column":0},"end":{"line":58,"column":1}},"59":{"start":{"line":60,"column":0},"end":{"line":60,"column":82}},"60":{"start":{"line":61,"column":0},"end":{"line":61,"column":42}},"61":{"start":{"line":62,"column":0},"end":{"line":62,"column":1}},"64":{"start":{"line":65,"column":0},"end":{"line":65,"column":84}},"65":{"start":{"line":66,"column":0},"end":{"line":66,"column":51}},"66":{"start":{"line":67,"column":0},"end":{"line":67,"column":33}},"67":{"start":{"line":68,"column":0},"end":{"line":68,"column":38}},"68":{"start":{"line":69,"column":0},"end":{"line":69,"column":44}},"69":{"start":{"line":70,"column":0},"end":{"line":70,"column":45}},"70":{"start":{"line":71,"column":0},"end":{"line":71,"column":57}},"71":{"start":{"line":72,"column":0},"end":{"line":72,"column":3}},"72":{"start":{"line":73,"column":0},"end":{"line":73,"column":1}},"78":{"start":{"line":79,"column":0},"end":{"line":79,"column":34}},"79":{"start":{"line":80,"column":0},"end":{"line":80,"column":19}},"80":{"start":{"line":81,"column":0},"end":{"line":81,"column":22}},"81":{"start":{"line":82,"column":0},"end":{"line":82,"column":23}},"82":{"start":{"line":83,"column":0},"end":{"line":83,"column":11}},"83":{"start":{"line":84,"column":0},"end":{"line":84,"column":51}},"84":{"start":{"line":85,"column":0},"end":{"line":85,"column":51}},"85":{"start":{"line":86,"column":0},"end":{"line":86,"column":44}},"86":{"start":{"line":87,"column":0},"end":{"line":87,"column":53}},"87":{"start":{"line":88,"column":0},"end":{"line":88,"column":76}},"88":{"start":{"line":89,"column":0},"end":{"line":89,"column":3}},"89":{"start":{"line":90,"column":0},"end":{"line":90,"column":18}},"90":{"start":{"line":91,"column":0},"end":{"line":91,"column":1}},"100":{"start":{"line":101,"column":0},"end":{"line":101,"column":86}},"101":{"start":{"line":102,"column":0},"end":{"line":102,"column":71}},"102":{"start":{"line":103,"column":0},"end":{"line":103,"column":37}},"103":{"start":{"line":104,"column":0},"end":{"line":104,"column":31}},"104":{"start":{"line":105,"column":0},"end":{"line":105,"column":43}},"105":{"start":{"line":106,"column":0},"end":{"line":106,"column":39}},"106":{"start":{"line":107,"column":0},"end":{"line":107,"column":37}},"107":{"start":{"line":108,"column":0},"end":{"line":108,"column":45}},"108":{"start":{"line":109,"column":0},"end":{"line":109,"column":14}},"109":{"start":{"line":110,"column":0},"end":{"line":110,"column":19}},"110":{"start":{"line":111,"column":0},"end":{"line":111,"column":21}},"111":{"start":{"line":112,"column":0},"end":{"line":112,"column":44}},"112":{"start":{"line":113,"column":0},"end":{"line":113,"column":44}},"113":{"start":{"line":114,"column":0},"end":{"line":114,"column":7}},"114":{"start":{"line":115,"column":0},"end":{"line":115,"column":3}},"115":{"start":{"line":116,"column":0},"end":{"line":116,"column":13}},"116":{"start":{"line":117,"column":0},"end":{"line":117,"column":1}},"118":{"start":{"line":119,"column":0},"end":{"line":119,"column":71}},"119":{"start":{"line":120,"column":0},"end":{"line":120,"column":59}},"120":{"start":{"line":121,"column":0},"end":{"line":121,"column":37}},"121":{"start":{"line":122,"column":0},"end":{"line":122,"column":1}},"123":{"start":{"line":124,"column":0},"end":{"line":124,"column":55}},"124":{"start":{"line":125,"column":0},"end":{"line":125,"column":72}},"125":{"start":{"line":126,"column":0},"end":{"line":126,"column":1}},"127":{"start":{"line":128,"column":0},"end":{"line":128,"column":74}},"128":{"start":{"line":129,"column":0},"end":{"line":129,"column":41}},"129":{"start":{"line":130,"column":0},"end":{"line":130,"column":67}},"130":{"start":{"line":131,"column":0},"end":{"line":131,"column":63}},"131":{"start":{"line":132,"column":0},"end":{"line":132,"column":1}},"134":{"start":{"line":135,"column":0},"end":{"line":135,"column":70}},"135":{"start":{"line":136,"column":0},"end":{"line":136,"column":44}},"136":{"start":{"line":137,"column":0},"end":{"line":137,"column":57}},"137":{"start":{"line":138,"column":0},"end":{"line":138,"column":32}},"138":{"start":{"line":139,"column":0},"end":{"line":139,"column":15}},"139":{"start":{"line":140,"column":0},"end":{"line":140,"column":1}},"142":{"start":{"line":143,"column":0},"end":{"line":143,"column":51}},"143":{"start":{"line":144,"column":0},"end":{"line":144,"column":49}},"144":{"start":{"line":145,"column":0},"end":{"line":145,"column":1}},"151":{"start":{"line":152,"column":0},"end":{"line":152,"column":97}},"152":{"start":{"line":153,"column":0},"end":{"line":153,"column":7}},"153":{"start":{"line":154,"column":0},"end":{"line":154,"column":46}},"155":{"start":{"line":156,"column":0},"end":{"line":156,"column":70}},"156":{"start":{"line":157,"column":0},"end":{"line":157,"column":30}},"157":{"start":{"line":158,"column":0},"end":{"line":158,"column":19}},"158":{"start":{"line":159,"column":0},"end":{"line":159,"column":11}},"159":{"start":{"line":160,"column":0},"end":{"line":160,"column":28}},"160":{"start":{"line":161,"column":0},"end":{"line":161,"column":11}},"161":{"start":{"line":162,"column":0},"end":{"line":162,"column":39}},"162":{"start":{"line":163,"column":0},"end":{"line":163,"column":15}},"163":{"start":{"line":164,"column":0},"end":{"line":164,"column":11}},"164":{"start":{"line":165,"column":0},"end":{"line":165,"column":14}},"165":{"start":{"line":166,"column":0},"end":{"line":166,"column":7}},"166":{"start":{"line":167,"column":0},"end":{"line":167,"column":16}},"167":{"start":{"line":168,"column":0},"end":{"line":168,"column":17}},"168":{"start":{"line":169,"column":0},"end":{"line":169,"column":84}},"169":{"start":{"line":170,"column":0},"end":{"line":170,"column":17}},"170":{"start":{"line":171,"column":0},"end":{"line":171,"column":3}},"171":{"start":{"line":172,"column":0},"end":{"line":172,"column":1}},"174":{"start":{"line":175,"column":0},"end":{"line":175,"column":94}},"175":{"start":{"line":176,"column":0},"end":{"line":176,"column":68}},"176":{"start":{"line":177,"column":0},"end":{"line":177,"column":73}},"177":{"start":{"line":178,"column":0},"end":{"line":178,"column":1}}},"s":{"0":1,"12":1,"20":51,"21":51,"22":51,"23":51,"24":51,"36":1,"37":3,"39":3,"40":3,"41":3,"42":1,"43":1,"46":1,"47":1,"48":1,"49":1,"50":1,"51":1,"52":1,"53":1,"54":1,"55":1,"56":1,"57":1,"59":1,"60":28,"61":28,"64":1,"65":14,"66":14,"67":70,"68":70,"69":70,"70":70,"71":70,"72":
[...]
},"282":{"start":{"line":283,"column":0},"end":{"line":283,"column":64}},"283":{"start":{"line":284,"column":0},"end":{"line":284,"column":44}},"284":{"start":{"line":285,"column":0},"end":{"line":285,"column":1}},"287":{"start":{"line":288,"column":0},"end":{"line":288,"column":41}},"288":{"start":{"line":289,"column":0},"end":{"line":289,"column":37}},"289":{"start":{"line":290,"column":0},"end":{"line":290,"column":34}},"290":{"start":{"line":291,"column":0},"end":{"line":291,"column":16}},"291":{"start":{"line":292,"column":0},"end":{"line":292,"column":23}},"292":{"start":{"line":293,"column":0},"end":{"line":293,"column":17}},"293":{"start":{"line":294,"column":0},"end":{"line":294,"column":21}},"294":{"start":{"line":295,"column":0},"end":{"line":295,"column":20}},"295":{"start":{"line":296,"column":0},"end":{"line":296,"column":46}},"296":{"start":{"line":297,"column":0},"end":{"line":297,"column":27}},"297":{"start":{"line":298,"column":0},"end":{"line":298,"column":54}},"298":{"start":{"line":299,"column":0},"end":{"line":299,"column":42}},"299":{"start":{"line":300,"column":0},"end":{"line":300,"column":7}},"300":{"start":{"line":301,"column":0},"end":{"line":301,"column":3}},"301":{"start":{"line":302,"column":0},"end":{"line":302,"column":69}},"302":{"start":{"line":303,"column":0},"end":{"line":303,"column":1}}},"s":{"0":1,"11":1,"13":1,"16":1,"17":1,"18":1,"19":1,"20":1,"21":1,"22":1,"23":1,"24":1,"25":1,"26":1,"27":1,"28":1,"44":1,"45":1,"46":1,"47":1,"48":1,"49":1,"50":1,"51":1,"52":1,"53":1,"54":1,"61":1,"62":1,"63":1,"64":1,"65":1,"66":1,"67":1,"68":1,"69":1,"70":1,"71":1,"72":1,"73":1,"74":1,"77":1,"78":1,"79":1,"80":1,"92":1,"93":1,"94":1,"101":1,"116":1,"120":1,"122":1,"123":1,"124":1,"125":1,"126":1,"127":1,"128":1,"129":1,"130":1,"131":1,"132":1,"133":1,"134":1,"135":1,"136":1,"137":1,"138":1,"139":1,"140":1,"141":1,"142":1,"143":1,"144":1,"145":1,"146":1,"147":1,"148":1,"149":1,"150":1,"151":1,"152":1,"153":1,"154":1,"155":1,"156":1,"157":1,"158":1,"159":1,"160":1,"161":1,"162":1,"163":1,"164":1,"165":1,"166":1,"167":1,"168":1,"169":1,"170":1,"171":1,"172":1,"173":1,"174":1,"175":1,"176":1,"177":1,"178":1,"179":1,"180":1,"181":1,"182":1,"183":1,"184":1,"185":1,"186":1,"187":1,"188":1,"189":1,"190":1,"191":1,"192":1,"193":1,"194":1,"195":1,"196":1,"197":1,"198":1,"199":1,"200":1,"201":1,"202":1,"203":1,"204":1,"205":1,"206":1,"207":1,"208":1,"209":1,"210":1,"211":1,"212":1,"213":1,"214":1,"215":1,"216":1,"217":1,"218":1,"219":1,"220":1,"221":1,"222":1,"223":1,"224":1,"225":1,"226":1,"229":1,"230":1,"231":1,"232":1,"233":1,"234":1,"235":1,"236":1,"237":1,"238":1,"239":1,"240":1,"241":1,"242":1,"243":1,"244":1,"245":1,"246":1,"247":1,"248":1,"249":1,"250":1,"251":1,"252":1,"253":1,"254":1,"255":1,"256":1,"257":1,"258":1,"259":1,"260":1,"261":1,"262":1,"263":1,"264":1,"265":1,"266":1,"267":1,"268":1,"271":1,"272":1,"273":1,"274":1,"275":1,"276":1,"277":1,"278":1,"279":1,"282":1,"283":77,"284":77,"287":1,"288":5,"289":5,"290":76,"291":76,"292":76,"293":76,"294":76,"295":76,"296":76,"297":76,"298":76,"299":76,"300":76,"301":4,"302":4},"branchMap":{"0":{"type":"branch","line":283,"loc":{"start":{"line":283,"column":7},"end":{"line":285,"column":1}},"locations":[{"start":{"line":283,"column":7},"end":{"line":285,"column":1}}]},"1":{"type":"branch","line":288,"loc":{"start":{"line":288,"column":7},"end":{"line":303,"column":1}},"locations":[{"start":{"line":288,"column":7},"end":{"line":303,"column":1}}]},"2":{"type":"branch","line":289,"loc":{"start":{"line":289,"column":30},"end":{"line":290,"column":33}},"locations":[{"start":{"line":289,"column":30},"end":{"line":290,"column":33}}]},"3":{"type":"branch","line":289,"loc":{"start":{"line":289,"column":30},"end":{"line":289,"column":37}},"locations":[{"start":{"line":289,"column":30},"end":{"line":289,"column":37}}]},"4":{"type":"branch","line":290,"loc":{"start":{"line":290,"column":33},"end":{"line":301,"column":3}},"locations":[{"start":{"line":290,"column":33},"end":{"line":301,"column":3}}]},"5":{"type":"branch","line":301,"loc":{"start":{"line":301,"column":2},"end":{"line":303,"column":1}},"locations":[{"start":{"line":301,"column":2},"end":{"line":303,"column":1}}]}},"b":{"0":[77],"1":[5],"2":[4],"3":[1],"4":[76],"5":[4]},"fnMap":{"0":{"name":"buildRoleSystemPrompt","decl":{"start":{"line":283,"column":7},"end":{"line":285,"column":1}},"loc":{"start":{"line":283,"column":7},"end":{"line":285,"column":1}},"line":283},"1":{"name":"seedGlobalRoles","decl":{"start":{"line":288,"column":7},"end":{"line":303,"column":1}},"loc":{"start":{"line":288,"column":7},"end":{"line":303,"column":1}},"line":288}},"f":{"0":77,"1":5}}
,"/Users/romanrheingans/Documents/Projects/Orchestra/server/src/routes/api.ts": {"path":"/Users/romanrheingans/Documents/Projects/Orchestra/server/src/routes/api.ts","all":true,"statementMap":{"0":{"start":{"line":1,"column":0},"end":{"line":1,"column":3}},"35":{"start":{"line":36,"column":0},"end":{"line":36,"column":66}},"36":{"start":{"line":37,"column":0},"end":{"line":37,"column":51}},"37":{"start":{"line":38,"column":0},"end":{"line":38,"column":1}},"39":{"start":{"line":40,"column":0},"end":{"line":40,"column":37}},"40":{"start":{"line":41,"column":0},"end":{"line":41,"column":31}},"41":{"start":{"line":42,"column":0},"end":{"line":42,"column":25}},"42":{"start":{"line":43,"column":0},"end":{"line":43,"column":42}},"43":{"start":{"line":44,"column":0},"end":{"line":44,"column":56}},"44":{"start":{"line":45,"column":0},"end":{"line":45,"column":61}},"45":{"start":{"line":46,"column":0},"end":{"line":46,"column":31}},"46":{"start":{"line":47,"column":0},"end":{"line":47,"column":7}},"47":{"start":{"line":48,"column":0},"end":{"line":48,"column":74}},"48":{"start":{"line":49,"column":0},"end":{"line":49,"column":11}},"49":{"start":{"line":50,"column":0},"end":{"line":50,"column":20}},"50":{"start":{"line":51,"column":0},"end":{"line":51,"column":3}},"51":{"start":{"line":52,"column":0},"end":{"line":52,"column":27}},"52":{"start":{"line":53,"column":0},"end":{"line":53,"column":7}},"53":{"start":{"line":54,"column":0},"end":{"line":54,"column":84}},"54":{"start":{"line":55,"column":0},"end":{"line":55,"column":11}},"55":{"start":{"line":56,"column":0},"end":{"line":56,"column":16}},"56":{"start":{"line":57,"column":0},"end":{"line":57,"column":3}},"57":{"start":{"line":58,"column":0},"end":{"line":58,"column":93}},"58":{"start":{"line":59,"column":0},"end":{"line":59,"column":1}},"60":{"start":{"line":61,"column":0},"end":{"line":61,"column":70}},"61":{"start":{"line":62,"column":0},"end":{"line":62,"column":53}},"63":{"start":{"line":64,"column":0},"end":{"line":64,"column":75}},"65":{"start":{"line":66,"column":0},"end":{"line":66,"column":73}},"68":{"start":{"line":69,"column":0},"end":{"line":69,"column":77}},"69":{"start":{"line":70,"column":0},"end":{"line":70,"column":48}},"70":{"start":{"line":71,"column":0},"end":{"line":71,"column":21}},"71":{"start":{"line":72,"column":0},"end":{"line":72,"column":29}},"72":{"start":{"line":73,"column":0},"end":{"line":73,"column":5}},"73":{"start":{"line":74,"column":0},"end":{"line":74,"column":47}},"74":{"start":{"line":75,"column":0},"end":{"line":75,"column":26}},"75":{"start":{"line":76,"column":0},"end":{"line":76,"column":30}},"76":{"start":{"line":77,"column":0},"end":{"line":77,"column":5}},"77":{"start":{"line":78,"column":0},"end":{"line":78,"column":64}},"80":{"start":{"line":81,"column":0},"end":{"line":81,"column":71}},"82":{"start":{"line":83,"column":0},"end":{"line":83,"column":81}},"83":{"start":{"line":84,"column":0},"end":{"line":84,"column":38}},"89":{"start":{"line":90,"column":0},"end":{"line":90,"column":97}},"90":{"start":{"line":91,"column":0},"end":{"line":91,"column":50}},"91":{"start":{"line":92,"column":0},"end":{"line":92,"column":101}},"92":{"start":{"line":93,"column":0},"end":{"line":93,"column":30}},"93":{"start":{"line":94,"column":0},"end":{"line":94,"column":9}},"94":{"start":{"line":95,"column":0},"end":{"line":95,"column":56}},"95":{"start":{"line":96,"column":0},"end":{"line":96,"column":19}},"96":{"start":{"line":97,"column":0},"end":{"line":97,"column":91}},"97":{"start":{"line":98,"column":0},"end":{"line":98,"column":53}},"98":{"start":{"line":99,"column":0},"end":{"line":99,"column":5}},"99":{"start":{"line":100,"column":0},"end":{"line":100,"column":65}},"100":{"start":{"line":101,"column":0},"end":{"line":101,"column":35}},"101":{"start":{"line":102,"column":0},"end":{"line":102,"column":22}},"102":{"start":{"line":103,"column":0},"end":{"line":103,"column":31}},"103":{"start":{"line":104,"column":0},"end":{"line":104,"column":38}},"104":{"start":{"line":105,"column":0},"end":{"line":105,"column":48}},"105":{"start":{"line":106,"column":0},"end":{"line":106,"column":7}},"106":{"start":{"line":107,"column":0},"end":{"line":107,"column":62}},"107":{"start":{"line":108,"column":0},"end":{"line":108,"column":23}},"108":{"start":{"line":109,"column":0},"end":{"line":109,"column":5}},"110":{"start":{"line":111,"column":0},"end":{"line":111,"column":84}},"111":{"start":{"line":112,"column":0},"end":{"line":112,"column":57}},"112":{"start":{"line":113,"column":0},"end":{"line":113,"column":35}},"113":{"start":{"line":114,"column":0},"end":{"line":114,"column":62}},"114":{"start":{"line":115,"column":0},"end":{"line":115,"column":45}},"115":{"start":{"line":116,"column":0},"end":{"line":116,"column":5}},"117":{"start":{"line":118,"column":0},"end":{"line":118,"column":86}},"118":{"start":{"line":119,"column":0},"end":{"line":119,"column":57}},"119":{"start":{"line":120,"column":0},"end":{"line":120,"column":69}},"120":{"start":{"line":121,"column":0},"end":{"line":121,"column":87}},"121":{"start":{"line":122,"column":0},"end":{"line":122,"column":5}},"123":{"start":{"line":124,"column":0},"end":{"line":124,"column":66}},"124":{"start":{"line":125,"column":0},"end":{"line":125,"column":61}},"125":{"start":{"line":126,"column":0},"end":{"line":126,"column":24}},"126":{"start":{"line":127,"column":0},"end":{"line":127,"column":5}},"129":{"start":{"line":130,"column":0},"end":{"line":130,"column":69}},"130":{"start":{"line":131,"column":0},"end":{"line":131,"column":57}},"131":{"start":{"line":132,"column":0},"end":{"line":132,"column":36}},"132":{"start":{"line":133,"column":0},"end":{"line":133,"column":5}},"134":{"start":{"line":135,"column":0},"end":{"line":135,"column":95}},"135":{"start":{"line":136,"column":0},"end":{"line":136,"column":70}},"136":{"start":{"line":137,"column":0},"end":{"line":137,"column":52}},"137":{"start":{"line":138,"column":0},"end":{"line":138,"column":69}},"138":{"start":{"line":139,"column":0},"end":{"line":139,"column":61}},"139":{"start":{"line":140,"column":0},"end":{"line":140,"column":29}},"140":{"start":{"line":141,"column":0},"end":{"line":141,"column":21}},"141":{"start":{"line":142,"column":0},"end":{"line":142,"column":10}},"142":{"start":{"line":143,"column":0},"end":{"line":143,"column":46}},"143":{"start":{"line":144,"column":0},"end":{"line":144,"column":51}},"144":{"start":{"line":145,"column":0},"end":{"line":145,"column":52}},"145":{"start":{"line":146,"column":0},"end":{"line":146,"column":62}},"146":{"start":{"line":147,"column":0},"end":{"line":147,"column":56}},"147":{"start":{"line":148,"column":0},"end":{"line":148,"column":46}},"148":{"start":{"line":149,"column":0},"end":{"line":149,"column":7}},"149":{"start":{"line":150,"column":0},"end":{"line":150,"column":20}},"150":{"start":{"line":151,"column":0},"end":{"line":151,"column":5}},"153":{"start":{"line":154,"column":0},"end":{"line":154,"column":56}},"154":{"start":{"line":155,"column":0},"end":{"line":155,"column":66}},"155":{"start":{"line":156,"column":0},"end":{"line":156,"column":12}},"156":{"start":{"line":157,"column":0},"end":{"line":157,"column":24}},"157":{"start":{"line":158,"column":0},"end":{"line":158,"column":65}},"158":{"start":{"line":159,"column":0},"end":{"line":159,"column":23}},"159":{"start":{"line":160,"column":0},"end":{"line":160,"column":9}},"160":{"start":{"line":161,"column":0},"end":{"line":161,"column":6}},"161":{"start":{"line":162,"column":0},"end":{"line":162,"column":5}},"163":{"start":{"line":164,"column":0},"end":{"line":164,"column":81}},"164":{"start":{"line":165,"column":0},"end":{"line":165,"column":65}},"165":{"start":{"line":166,"column":0},"end":{"line":166,"column":58}},"166":{"start":{"line":167,"column":0},"end":{"line":167,"column":18}},"167":{"start":{"line":168,"column":0},"end":{"line":168,"column":5}},"169":{"start":{"line":170,"column":0},"end":{"line":170,"column":63}},"170":{"start":{"line":171,"column":0},"end":{"line":171,"column":50}},"171":{"start":{"line":172,"column":0},"end":{"line":172,"column":24}},"172":{"start":{"line":173,"column":0},"end":{"line":173,"column":5}},"175":{"start":{"line":176,"column":0},"end":{"line":176,"column":92}},"176":{"start":{"line":177,"column":0},"end":{"line":177,"column":57}},"177":{"start":{"line":178,"column":0},"end":{"line":178,"column":35}},"178":{"start":{"line":179,"column":0},"end":{"line":179,"column":62}},"179":{"start":{"line":180,"column":0},"end":{"line":180,"column":95}},"180":{"start":{"line":181,"column":0},"end":{"line":181,"column":69}},"181":{"start":{"line":182,"column":0},"end":{"line":182,"column":86}},"184":{"start":{"line":185,"column":0},"end":{"line":185,"column":62}},"185":{"start":{"line":186,"column":0},"end":{"line":186,"column":67}},"186":{"start":{"line":187,"column":0},"end":{"line":187,"column":75}},"187":{"start":{"line":188,"column":0},"end":{"line":188,"column":67}},"188":{"start":{"line":189,"column":0},"end":{"line":189,"column":63}},"189":{"start":{"line":190,"column":0},"end":{"line":190,"column":5}},"192":{"start":{"line":193,"column":0},"end":{"line":193,"column":78}},"193":{"start":{"line":194,"column":0},"end":{"line":194,"column":38}},"199":{"start":{"line":200,"column":0},"end":{"line":200,"column":63}},"200":{"start":{"line":201,"column":0},"end":{"line":201,"column":29}},"201":{"start":{"line":202,"column":0},"end":{"line":202,"column":22}},"202":{"start":{"line":203,"column":0},"end":{"line":203,"column":36}},"203":{"start":{"line":204,"column":0},"end":{"line":204,"column":42}},"204":{"start":{"line":205,"column":0},"end":{"line":205,"column":48}},"205":{"start":{"line":206,"column":0},"end":{"line":206,"column":7}},"206":{"start":{"line":207,"column":0},"end":{"line":207,"column":20}},"207":{"start":{"line":208,"column":0},"end":{"line":208,"column":5}},"210":{"start":{"line":211,"column":0},"end":{"line":211,"column":96}},"211":{"start":{"line":212,"column":0},"end":{"line":212,"column":53}},"212":{"start":{"line":213,"column":0},"end":{"line":213,"column":33}},"213":{"start":{"line":214,"column":0},"end":{"line":214,"column":56}},"214":{"start":{"line":215,"column":0},"end":{"line":215,"column":74}},"215":{"start":{"line":216,"column":0},"end":{"line":216,"column":63}},"218":{"start":{"line":219,"column":0},"end":{"line":219,"column":71}},"219":{"start":{"line":220,"column":0},"end":{"line":220,"column":99}},"220":{"start":{"line":221,"column":0},"end":{"line":221,"column":35}},"221":{"start":{"line":222,"column":0},"end":{"line":222,"column":28}},"222":{"start":{"line":223,"column":0},"end":{"line":223,"column":22}},"223":{"start":{"line":224,"column":0},"end":{"line":224,"column":71}},"224":{"start":{"line":225,"column":0},"end":{"line":225,"column":7}},"225":{"start":{"line":226,"column":0},"end":{"line":226,"column":32}},"226":{"start":{"line":227,"column":0},"end":{"line":227,"column":5}},"227":{"start":{"line":228,"column":0},"end":{"line":228,"column":1}}},"s":{"0":0,"35":0,"36":0,"37":0,"39":0,"40":0,"41":0,"42":0,"43":0,"44":0,"45":0,"46":0,"47":0,"48":0,"49":0,"50":0,"51":0,"52":0,"53":0,"54":0,"55":0,"56":0,"57":0,"58":0,"60":0,"61":0,"63":0,"65":0,"68":0,"69":0,"70":0,"71":0,"72":0,"73":0,"74":0,"75":0,"76":0,"77":0,"80":0,"82":0,"83":0,"89":0,"90":0,"91":0,"92":0,"93":0,"94":0,"95":0,"96":0,"97":0,"98":0,"99":0,"100":0,"101":0,"102":0,"103":0,"104":0,"105":0,"106":0,"107":0,"108":0,"110":0,"111":0,"112":0,"113":0,"114":0,"115":0,"117":0,"118":0,"119":0,"120":0,"121":0,"123":0,"124":0,"125":0,"126":0,"129":0,"130":0,"131":0,"132":0,"134":0,"135":0,"136":0,"137":0,"138":0,"139":0,"140":0,"141":0,"142":0,"143":0,"144":0,"145":0,"146":0,"147":0,"148":0,"149":0,"150":0,"153":0,"154":0,"155":0,"156":0,"157":0,"158":0,"159":0,"160":0,"161":0,"163":0,"164":0,"165":0,"166":0,"167":0,"169":0,"170":0,"171":0,"172":0,"175":0,"176":0,"177":0,"178":0,"179":0,"180":0,"181":0,"184":0,"185":0,"186":0,"187":0,"188":0,"189":0,"192":0,"193":0,"199":0,"200":0,"201":0,"202":0,"203":0,"204":0,"205":0,"206":0,"207":0,"210":0,"211":0,"212":0,"213":0,"214":0,"215":0,"218":0,"219":0,"220":0,"221":0,"222":0,"223":0,"224":0,"225":0,"226":0,"227":0},"branchMap":{"0":{"type":"branch","line":1,"loc":{"start":{"line":1,"column":8447},"end":{"line":228,"column":1}},"locations":[{"start":{"line":1,"column":8447},"end":{"line":228,"column":1}}]}},"b":{"0":[0]},"fnMap":{"0":{"name":"(empty-report)","decl":{"start":{"line":1,"column":8447},"end":{"line":228,"column":1}},"loc":{"start":{"line":1,"column":8447},"end":{"line":228,"column":1}},"line":1}},"f":{"0":0}}
,"/Users/romanrheingans/Documents/Projects/Orchestra/server/src/routes/sse.ts": {"path":"/Users/romanrheingans/Documents/Projects/Orchestra/server/src/routes/sse.ts","all":true,"statementMap":{"0":{"start":{"line":1,"column":0},"end":{"line":1,"column":3}},"12":{"start":{"line":13,"column":0},"end":{"line":13,"column":70}},"13":{"start":{"line":14,"column":0},"end":{"line":14,"column":88}},"14":{"start":{"line":15,"column":0},"end":{"line":15,"column":53}},"15":{"start":{"line":16,"column":0},"end":{"line":16,"column":33}},"16":{"start":{"line":17,"column":0},"end":{"line":17,"column":72}},"18":{"start":{"line":19,"column":0},"end":{"line":19,"column":30}},"19":{"start":{"line":20,"column":0},"end":{"line":20,"column":42}},"20":{"start":{"line":21,"column":0},"end":{"line":21,"column":48}},"21":{"start":{"line":22,"column":0},"end":{"line":22,"column":31}},"22":{"start":{"line":23,"column":0},"end":{"line":23,"column":32}},"23":{"start":{"line":24,"column":0},"end":{"line":24,"column":7}},"24":{"start":{"line":25,"column":0},"end":{"line":25,"column":58}},"26":{"start":{"line":27,"column":0},"end":{"line":27,"column":37}},"27":{"start":{"line":28,"column":0},"end":{"line":28,"column":45}},"28":{"start":{"line":29,"column":0},"end":{"line":29,"column":57}},"29":{"start":{"line":30,"column":0},"end":{"line":30,"column":6}},"31":{"start":{"line":32,"column":0},"end":{"line":32,"column":54}},"34":{"start":{"line":35,"column":0},"end":{"line":35,"column":41}},"35":{"start":{"line":36,"column":0},"end":{"line":36,"column":36}},"36":{"start":{"line":37,"column":0},"end":{"line":37,"column":15}},"38":{"start":{"line":39,"column":0},"end":{"line":39,"column":31}},"39":{"start":{"line":40,"column":0},"end":{"line":40,"column":31}},"40":{"start":{"line":41,"column":0},"end":{"line":41,"column":20}},"41":{"start":{"line":42,"column":0},"end":{"line":42,"column":7}},"44":{"start":{"line":45,"column":0},"end":{"line":45,"column":17}},"45":{"start":{"line":46,"column":0},"end":{"line":46,"column":5}},"46":{"start":{"line":47,"column":0},"end":{"line":47,"column":1}}},"s":{"0":0,"12":0,"13":0,"14":0,"15":0,"16":0,"18":0,"19":0,"20":0,"21":0,"22":0,"23":0,"24":0,"26":0,"27":0,"28":0,"29":0,"31":0,"34":0,"35":0,"36":0,"38":0,"39":0,"40":0,"41":0,"44":0,"45":0,"46":0},"branchMap":{"0":{"type":"branch","line":1,"loc":{"start":{"line":1,"column":1606},"end":{"line":47,"column":1}},"locations":[{"start":{"line":1,"column":1606},"end":{"line":47,"column":1}}]}},"b":{"0":[0]},"fnMap":{"0":{"name":"(empty-report)","decl":{"start":{"line":1,"column":1606},"end":{"line":47,"column":1}},"loc":{"start":{"line":1,"column":1606},"end":{"line":47,"column":1}},"line":1}},"f":{"0":0}}
}
